[5, 9, 1, 3, 5, 2, 0, 1, 7, 4] 0 9
[5, 9, 1, 3, 5, 2, 0, 1, 7, 4] 0 4.5
[5, 9, 1, 3, 5, 2, 0, 1, 7, 4] 0 2.25
[5, 9, 1, 3, 5, 2, 0, 1, 7, 4] 0 1.125
[5, 9, 1, 3, 5, 2, 0, 1, 7, 4] 0 0.5625
[5, 9, 1, 3, 5, 2, 0, 1, 7, 4] 0 0.28125
[5, 9, 1, 3, 5, 2, 0, 1, 7, 4] 0 0.140625
[5, 9, 1, 3, 5, 2, 0, 1, 7, 4] 0 0.0703125
[5, 9, 1, 3, 5, 2, 0, 1, 7, 4] 0 0.03515625
[5, 9, 1, 3, 5, 2, 0, 1, 7, 4] 0 0.017578125
[5, 9, 1, 3, 5, 2, 0, 1, 7, 4] 0 0.0087890625
[5, 9, 1, 3, 5, 2, 0, 1, 7, 4] 0 0.00439453125
[5, 9, 1, 3, 5, 2, 0, 1, 7, 4] 0 0.002197265625
[5, 9, 1, 3, 5, 2, 0, 1, 7, 4] 0 0.0010986328125
[5, 9, 1, 3, 5, 2, 0, 1, 7, 4] 0 0.00054931640625
[5, 9, 1, 3, 5, 2, 0, 1, 7, 4] 0 0.000274658203125
[5, 9, 1, 3, 5, 2, 0, 1, 7, 4] 0 0.0001373291015625
[5, 9, 1, 3, 5, 2, 0, 1, 7, 4] 0 6.866455078125e-05
[5, 9, 1, 3, 5, 2, 0, 1, 7, 4] 0 3.4332275390625e-05
[5, 9, 1, 3, 5, 2, 0, 1, 7, 4] 0 1.71661376953125e-05
[5, 9, 1, 3, 5, 2, 0, 1, 7, 4] 0 8.58306884765625e-06
[5, 9, 1, 3, 5, 2, 0, 1, 7, 4] 0 4.291534423828125e-06
[5, 9, 1, 3, 5, 2, 0, 1, 7, 4] 0 2.1457672119140625e-06
[5, 9, 1, 3, 5, 2, 0, 1, 7, 4] 0 1.0728836059570312e-06
[5, 9, 1, 3, 5, 2, 0, 1, 7, 4] 0 5.364418029785156e-07
[5, 9, 1, 3, 5, 2, 0, 1, 7, 4] 0 2.682209014892578e-07
[5, 9, 1, 3, 5, 2, 0, 1, 7, 4] 0 1.341104507446289e-07
[5, 9, 1, 3, 5, 2, 0, 1, 7, 4] 0 6.705522537231445e-08
[5, 9, 1, 3, 5, 2, 0, 1, 7, 4] 0 3.3527612686157227e-08
[5, 9, 1, 3, 5, 2, 0, 1, 7, 4] 0 1.6763806343078613e-08
[5, 9, 1, 3, 5, 2, 0, 1, 7, 4] 0 8.381903171539307e-09
[5, 9, 1, 3, 5, 2, 0, 1, 7, 4] 0 4.190951585769653e-09
[5, 9, 1, 3, 5, 2, 0, 1, 7, 4] 0 2.0954757928848267e-09
[5, 9, 1, 3, 5, 2, 0, 1, 7, 4] 0 1.0477378964424133e-09
[5, 9, 1, 3, 5, 2, 0, 1, 7, 4] 0 5.238689482212067e-10
[5, 9, 1, 3, 5, 2, 0, 1, 7, 4] 0 2.6193447411060333e-10
[5, 9, 1, 3, 5, 2, 0, 1, 7, 4] 0 1.3096723705530167e-10
[5, 9, 1, 3, 5, 2, 0, 1, 7, 4] 0 6.548361852765083e-11
[5, 9, 1, 3, 5, 2, 0, 1, 7, 4] 0 3.2741809263825417e-11
[5, 9, 1, 3, 5, 2, 0, 1, 7, 4] 0 1.6370904631912708e-11
[5, 9, 1, 3, 5, 2, 0, 1, 7, 4] 0 8.185452315956354e-12
[5, 9, 1, 3, 5, 2, 0, 1, 7, 4] 0 4.092726157978177e-12
[5, 9, 1, 3, 5, 2, 0, 1, 7, 4] 0 2.0463630789890885e-12
[5, 9, 1, 3, 5, 2, 0, 1, 7, 4] 0 1.0231815394945443e-12
[5, 9, 1, 3, 5, 2, 0, 1, 7, 4] 0 5.115907697472721e-13
[5, 9, 1, 3, 5, 2, 0, 1, 7, 4] 0 2.5579538487363607e-13
[5, 9, 1, 3, 5, 2, 0, 1, 7, 4] 0 1.2789769243681803e-13
[5, 9, 1, 3, 5, 2, 0, 1, 7, 4] 0 6.394884621840902e-14
[5, 9, 1, 3, 5, 2, 0, 1, 7, 4] 0 3.197442310920451e-14
[5, 9, 1, 3, 5, 2, 0, 1, 7, 4] 0 1.5987211554602254e-14
[5, 9, 1, 3, 5, 2, 0, 1, 7, 4] 0 7.993605777301127e-15
[5, 9, 1, 3, 5, 2, 0, 1, 7, 4] 0 3.9968028886505635e-15
[5, 9, 1, 3, 5, 2, 0, 1, 7, 4] 0 1.9984014443252818e-15
[5, 9, 1, 3, 5, 2, 0, 1, 7, 4] 0 9.992007221626409e-16
[5, 9, 1, 3, 5, 2, 0, 1, 7, 4] 0 4.996003610813204e-16
[5, 9, 1, 3, 5, 2, 0, 1, 7, 4] 0 2.498001805406602e-16
[5, 9, 1, 3, 5, 2, 0, 1, 7, 4] 0 1.249000902703301e-16
[5, 9, 1, 3, 5, 2, 0, 1, 7, 4] 0 6.245004513516506e-17
[5, 9, 1, 3, 5, 2, 0, 1, 7, 4] 0 3.122502256758253e-17
[5, 9, 1, 3, 5, 2, 0, 1, 7, 4] 0 1.5612511283791264e-17
[5, 9, 1, 3, 5, 2, 0, 1, 7, 4] 0 7.806255641895632e-18
[5, 9, 1, 3, 5, 2, 0, 1, 7, 4] 0 3.903127820947816e-18
[5, 9, 1, 3, 5, 2, 0, 1, 7, 4] 0 1.951563910473908e-18
[5, 9, 1, 3, 5, 2, 0, 1, 7, 4] 0 9.75781955236954e-19
[5, 9, 1, 3, 5, 2, 0, 1, 7, 4] 0 4.87890977618477e-19
[5, 9, 1, 3, 5, 2, 0, 1, 7, 4] 0 2.439454888092385e-19
[5, 9, 1, 3, 5, 2, 0, 1, 7, 4] 0 1.2197274440461925e-19
[5, 9, 1, 3, 5, 2, 0, 1, 7, 4] 0 6.098637220230962e-20
[5, 9, 1, 3, 5, 2, 0, 1, 7, 4] 0 3.049318610115481e-20
[5, 9, 1, 3, 5, 2, 0, 1, 7, 4] 0 1.5246593050577406e-20
[5, 9, 1, 3, 5, 2, 0, 1, 7, 4] 0 7.623296525288703e-21
[5, 9, 1, 3, 5, 2, 0, 1, 7, 4] 0 3.8116482626443515e-21
[5, 9, 1, 3, 5, 2, 0, 1, 7, 4] 0 1.9058241313221758e-21
[5, 9, 1, 3, 5, 2, 0, 1, 7, 4] 0 9.529120656610879e-22
[5, 9, 1, 3, 5, 2, 0, 1, 7, 4] 0 4.764560328305439e-22
[5, 9, 1, 3, 5, 2, 0, 1, 7, 4] 0 2.3822801641527197e-22
[5, 9, 1, 3, 5, 2, 0, 1, 7, 4] 0 1.1911400820763599e-22
[5, 9, 1, 3, 5, 2, 0, 1, 7, 4] 0 5.955700410381799e-23
[5, 9, 1, 3, 5, 2, 0, 1, 7, 4] 0 2.9778502051908996e-23
[5, 9, 1, 3, 5, 2, 0, 1, 7, 4] 0 1.4889251025954498e-23
[5, 9, 1, 3, 5, 2, 0, 1, 7, 4] 0 7.444625512977249e-24
[5, 9, 1, 3, 5, 2, 0, 1, 7, 4] 0 3.7223127564886245e-24
[5, 9, 1, 3, 5, 2, 0, 1, 7, 4] 0 1.8611563782443123e-24
[5, 9, 1, 3, 5, 2, 0, 1, 7, 4] 0 9.305781891221561e-25
[5, 9, 1, 3, 5, 2, 0, 1, 7, 4] 0 4.652890945610781e-25
[5, 9, 1, 3, 5, 2, 0, 1, 7, 4] 0 2.3264454728053903e-25
[5, 9, 1, 3, 5, 2, 0, 1, 7, 4] 0 1.1632227364026952e-25
[5, 9, 1, 3, 5, 2, 0, 1, 7, 4] 0 5.816113682013476e-26
[5, 9, 1, 3, 5, 2, 0, 1, 7, 4] 0 2.908056841006738e-26
[5, 9, 1, 3, 5, 2, 0, 1, 7, 4] 0 1.454028420503369e-26
[5, 9, 1, 3, 5, 2, 0, 1, 7, 4] 0 7.270142102516845e-27
[5, 9, 1, 3, 5, 2, 0, 1, 7, 4] 0 3.6350710512584224e-27
[5, 9, 1, 3, 5, 2, 0, 1, 7, 4] 0 1.8175355256292112e-27
[5, 9, 1, 3, 5, 2, 0, 1, 7, 4] 0 9.087677628146056e-28
[5, 9, 1, 3, 5, 2, 0, 1, 7, 4] 0 4.543838814073028e-28
[5, 9, 1, 3, 5, 2, 0, 1, 7, 4] 0 2.271919407036514e-28
[5, 9, 1, 3, 5, 2, 0, 1, 7, 4] 0 1.135959703518257e-28
[5, 9, 1, 3, 5, 2, 0, 1, 7, 4] 0 5.679798517591285e-29
[5, 9, 1, 3, 5, 2, 0, 1, 7, 4] 0 2.8398992587956425e-29
[5, 9, 1, 3, 5, 2, 0, 1, 7, 4] 0 1.4199496293978212e-29
[5, 9, 1, 3, 5, 2, 0, 1, 7, 4] 0 7.099748146989106e-30
[5, 9, 1, 3, 5, 2, 0, 1, 7, 4] 0 3.549874073494553e-30
[5, 9, 1, 3, 5, 2, 0, 1, 7, 4] 0 1.7749370367472766e-30
[5, 9, 1, 3, 5, 2, 0, 1, 7, 4] 0 8.874685183736383e-31
[5, 9, 1, 3, 5, 2, 0, 1, 7, 4] 0 4.437342591868191e-31
[5, 9, 1, 3, 5, 2, 0, 1, 7, 4] 0 2.2186712959340957e-31
[5, 9, 1, 3, 5, 2, 0, 1, 7, 4] 0 1.1093356479670479e-31
[5, 9, 1, 3, 5, 2, 0, 1, 7, 4] 0 5.546678239835239e-32
[5, 9, 1, 3, 5, 2, 0, 1, 7, 4] 0 2.7733391199176196e-32
[5, 9, 1, 3, 5, 2, 0, 1, 7, 4] 0 1.3866695599588098e-32
[5, 9, 1, 3, 5, 2, 0, 1, 7, 4] 0 6.933347799794049e-33
[5, 9, 1, 3, 5, 2, 0, 1, 7, 4] 0 3.4666738998970245e-33
[5, 9, 1, 3, 5, 2, 0, 1, 7, 4] 0 1.7333369499485123e-33
[5, 9, 1, 3, 5, 2, 0, 1, 7, 4] 0 8.666684749742561e-34
[5, 9, 1, 3, 5, 2, 0, 1, 7, 4] 0 4.333342374871281e-34
[5, 9, 1, 3, 5, 2, 0, 1, 7, 4] 0 2.1666711874356403e-34
[5, 9, 1, 3, 5, 2, 0, 1, 7, 4] 0 1.0833355937178202e-34
[5, 9, 1, 3, 5, 2, 0, 1, 7, 4] 0 5.416677968589101e-35
[5, 9, 1, 3, 5, 2, 0, 1, 7, 4] 0 2.7083389842945504e-35
[5, 9, 1, 3, 5, 2, 0, 1, 7, 4] 0 1.3541694921472752e-35
[5, 9, 1, 3, 5, 2, 0, 1, 7, 4] 0 6.770847460736376e-36
[5, 9, 1, 3, 5, 2, 0, 1, 7, 4] 0 3.385423730368188e-36
[5, 9, 1, 3, 5, 2, 0, 1, 7, 4] 0 1.692711865184094e-36
[5, 9, 1, 3, 5, 2, 0, 1, 7, 4] 0 8.46355932592047e-37
[5, 9, 1, 3, 5, 2, 0, 1, 7, 4] 0 4.231779662960235e-37
[5, 9, 1, 3, 5, 2, 0, 1, 7, 4] 0 2.1158898314801175e-37
[5, 9, 1, 3, 5, 2, 0, 1, 7, 4] 0 1.0579449157400588e-37
[5, 9, 1, 3, 5, 2, 0, 1, 7, 4] 0 5.289724578700294e-38
[5, 9, 1, 3, 5, 2, 0, 1, 7, 4] 0 2.644862289350147e-38
[5, 9, 1, 3, 5, 2, 0, 1, 7, 4] 0 1.3224311446750734e-38
[5, 9, 1, 3, 5, 2, 0, 1, 7, 4] 0 6.612155723375367e-39
[5, 9, 1, 3, 5, 2, 0, 1, 7, 4] 0 3.3060778616876836e-39
[5, 9, 1, 3, 5, 2, 0, 1, 7, 4] 0 1.6530389308438418e-39
[5, 9, 1, 3, 5, 2, 0, 1, 7, 4] 0 8.265194654219209e-40
[5, 9, 1, 3, 5, 2, 0, 1, 7, 4] 0 4.1325973271096045e-40
[5, 9, 1, 3, 5, 2, 0, 1, 7, 4] 0 2.0662986635548023e-40
[5, 9, 1, 3, 5, 2, 0, 1, 7, 4] 0 1.0331493317774011e-40
[5, 9, 1, 3, 5, 2, 0, 1, 7, 4] 0 5.165746658887006e-41
[5, 9, 1, 3, 5, 2, 0, 1, 7, 4] 0 2.582873329443503e-41
[5, 9, 1, 3, 5, 2, 0, 1, 7, 4] 0 1.2914366647217514e-41
[5, 9, 1, 3, 5, 2, 0, 1, 7, 4] 0 6.457183323608757e-42
[5, 9, 1, 3, 5, 2, 0, 1, 7, 4] 0 3.2285916618043785e-42
[5, 9, 1, 3, 5, 2, 0, 1, 7, 4] 0 1.6142958309021893e-42
[5, 9, 1, 3, 5, 2, 0, 1, 7, 4] 0 8.071479154510946e-43
[5, 9, 1, 3, 5, 2, 0, 1, 7, 4] 0 4.035739577255473e-43
[5, 9, 1, 3, 5, 2, 0, 1, 7, 4] 0 2.0178697886277366e-43
[5, 9, 1, 3, 5, 2, 0, 1, 7, 4] 0 1.0089348943138683e-43
[5, 9, 1, 3, 5, 2, 0, 1, 7, 4] 0 5.044674471569341e-44
[5, 9, 1, 3, 5, 2, 0, 1, 7, 4] 0 2.5223372357846707e-44
[5, 9, 1, 3, 5, 2, 0, 1, 7, 4] 0 1.2611686178923354e-44
[5, 9, 1, 3, 5, 2, 0, 1, 7, 4] 0 6.305843089461677e-45
[5, 9, 1, 3, 5, 2, 0, 1, 7, 4] 0 3.1529215447308384e-45
[5, 9, 1, 3, 5, 2, 0, 1, 7, 4] 0 1.5764607723654192e-45
[5, 9, 1, 3, 5, 2, 0, 1, 7, 4] 0 7.882303861827096e-46
[5, 9, 1, 3, 5, 2, 0, 1, 7, 4] 0 3.941151930913548e-46
[5, 9, 1, 3, 5, 2, 0, 1, 7, 4] 0 1.970575965456774e-46
[5, 9, 1, 3, 5, 2, 0, 1, 7, 4] 0 9.85287982728387e-47
[5, 9, 1, 3, 5, 2, 0, 1, 7, 4] 0 4.926439913641935e-47
[5, 9, 1, 3, 5, 2, 0, 1, 7, 4] 0 2.4632199568209675e-47
[5, 9, 1, 3, 5, 2, 0, 1, 7, 4] 0 1.2316099784104838e-47
[5, 9, 1, 3, 5, 2, 0, 1, 7, 4] 0 6.158049892052419e-48
[5, 9, 1, 3, 5, 2, 0, 1, 7, 4] 0 3.0790249460262094e-48
[5, 9, 1, 3, 5, 2, 0, 1, 7, 4] 0 1.5395124730131047e-48
[5, 9, 1, 3, 5, 2, 0, 1, 7, 4] 0 7.697562365065523e-49
[5, 9, 1, 3, 5, 2, 0, 1, 7, 4] 0 3.848781182532762e-49
[5, 9, 1, 3, 5, 2, 0, 1, 7, 4] 0 1.924390591266381e-49
[5, 9, 1, 3, 5, 2, 0, 1, 7, 4] 0 9.621952956331904e-50
[5, 9, 1, 3, 5, 2, 0, 1, 7, 4] 0 4.810976478165952e-50
[5, 9, 1, 3, 5, 2, 0, 1, 7, 4] 0 2.405488239082976e-50
[5, 9, 1, 3, 5, 2, 0, 1, 7, 4] 0 1.202744119541488e-50
[5, 9, 1, 3, 5, 2, 0, 1, 7, 4] 0 6.01372059770744e-51
[5, 9, 1, 3, 5, 2, 0, 1, 7, 4] 0 3.00686029885372e-51
[5, 9, 1, 3, 5, 2, 0, 1, 7, 4] 0 1.50343014942686e-51
[5, 9, 1, 3, 5, 2, 0, 1, 7, 4] 0 7.5171507471343e-52
[5, 9, 1, 3, 5, 2, 0, 1, 7, 4] 0 3.75857537356715e-52
[5, 9, 1, 3, 5, 2, 0, 1, 7, 4] 0 1.879287686783575e-52
[5, 9, 1, 3, 5, 2, 0, 1, 7, 4] 0 9.396438433917875e-53
[5, 9, 1, 3, 5, 2, 0, 1, 7, 4] 0 4.698219216958938e-53
[5, 9, 1, 3, 5, 2, 0, 1, 7, 4] 0 2.349109608479469e-53
[5, 9, 1, 3, 5, 2, 0, 1, 7, 4] 0 1.1745548042397344e-53
[5, 9, 1, 3, 5, 2, 0, 1, 7, 4] 0 5.872774021198672e-54
[5, 9, 1, 3, 5, 2, 0, 1, 7, 4] 0 2.936387010599336e-54
[5, 9, 1, 3, 5, 2, 0, 1, 7, 4] 0 1.468193505299668e-54
[5, 9, 1, 3, 5, 2, 0, 1, 7, 4] 0 7.34096752649834e-55
[5, 9, 1, 3, 5, 2, 0, 1, 7, 4] 0 3.67048376324917e-55
[5, 9, 1, 3, 5, 2, 0, 1, 7, 4] 0 1.835241881624585e-55
[5, 9, 1, 3, 5, 2, 0, 1, 7, 4] 0 9.176209408122925e-56
[5, 9, 1, 3, 5, 2, 0, 1, 7, 4] 0 4.588104704061463e-56
[5, 9, 1, 3, 5, 2, 0, 1, 7, 4] 0 2.2940523520307313e-56
[5, 9, 1, 3, 5, 2, 0, 1, 7, 4] 0 1.1470261760153656e-56
[5, 9, 1, 3, 5, 2, 0, 1, 7, 4] 0 5.735130880076828e-57
[5, 9, 1, 3, 5, 2, 0, 1, 7, 4] 0 2.867565440038414e-57
[5, 9, 1, 3, 5, 2, 0, 1, 7, 4] 0 1.433782720019207e-57
[5, 9, 1, 3, 5, 2, 0, 1, 7, 4] 0 7.168913600096035e-58
[5, 9, 1, 3, 5, 2, 0, 1, 7, 4] 0 3.5844568000480176e-58
[5, 9, 1, 3, 5, 2, 0, 1, 7, 4] 0 1.7922284000240088e-58
[5, 9, 1, 3, 5, 2, 0, 1, 7, 4] 0 8.961142000120044e-59
[5, 9, 1, 3, 5, 2, 0, 1, 7, 4] 0 4.480571000060022e-59
[5, 9, 1, 3, 5, 2, 0, 1, 7, 4] 0 2.240285500030011e-59
[5, 9, 1, 3, 5, 2, 0, 1, 7, 4] 0 1.1201427500150055e-59
[5, 9, 1, 3, 5, 2, 0, 1, 7, 4] 0 5.600713750075028e-60
[5, 9, 1, 3, 5, 2, 0, 1, 7, 4] 0 2.800356875037514e-60
[5, 9, 1, 3, 5, 2, 0, 1, 7, 4] 0 1.400178437518757e-60
[5, 9, 1, 3, 5, 2, 0, 1, 7, 4] 0 7.000892187593784e-61
[5, 9, 1, 3, 5, 2, 0, 1, 7, 4] 0 3.500446093796892e-61
[5, 9, 1, 3, 5, 2, 0, 1, 7, 4] 0 1.750223046898446e-61
[5, 9, 1, 3, 5, 2, 0, 1, 7, 4] 0 8.75111523449223e-62
[5, 9, 1, 3, 5, 2, 0, 1, 7, 4] 0 4.375557617246115e-62
[5, 9, 1, 3, 5, 2, 0, 1, 7, 4] 0 2.1877788086230576e-62
[5, 9, 1, 3, 5, 2, 0, 1, 7, 4] 0 1.0938894043115288e-62
[5, 9, 1, 3, 5, 2, 0, 1, 7, 4] 0 5.469447021557644e-63
[5, 9, 1, 3, 5, 2, 0, 1, 7, 4] 0 2.734723510778822e-63
[5, 9, 1, 3, 5, 2, 0, 1, 7, 4] 0 1.367361755389411e-63
[5, 9, 1, 3, 5, 2, 0, 1, 7, 4] 0 6.836808776947055e-64
[5, 9, 1, 3, 5, 2, 0, 1, 7, 4] 0 3.4184043884735275e-64
[5, 9, 1, 3, 5, 2, 0, 1, 7, 4] 0 1.7092021942367638e-64
[5, 9, 1, 3, 5, 2, 0, 1, 7, 4] 0 8.546010971183819e-65
[5, 9, 1, 3, 5, 2, 0, 1, 7, 4] 0 4.2730054855919094e-65
[5, 9, 1, 3, 5, 2, 0, 1, 7, 4] 0 2.1365027427959547e-65
[5, 9, 1, 3, 5, 2, 0, 1, 7, 4] 0 1.0682513713979774e-65
[5, 9, 1, 3, 5, 2, 0, 1, 7, 4] 0 5.341256856989887e-66
[5, 9, 1, 3, 5, 2, 0, 1, 7, 4] 0 2.6706284284949434e-66
[5, 9, 1, 3, 5, 2, 0, 1, 7, 4] 0 1.3353142142474717e-66
[5, 9, 1, 3, 5, 2, 0, 1, 7, 4] 0 6.676571071237358e-67
[5, 9, 1, 3, 5, 2, 0, 1, 7, 4] 0 3.338285535618679e-67
[5, 9, 1, 3, 5, 2, 0, 1, 7, 4] 0 1.6691427678093396e-67
[5, 9, 1, 3, 5, 2, 0, 1, 7, 4] 0 8.345713839046698e-68
[5, 9, 1, 3, 5, 2, 0, 1, 7, 4] 0 4.172856919523349e-68
[5, 9, 1, 3, 5, 2, 0, 1, 7, 4] 0 2.0864284597616745e-68
[5, 9, 1, 3, 5, 2, 0, 1, 7, 4] 0 1.0432142298808373e-68
[5, 9, 1, 3, 5, 2, 0, 1, 7, 4] 0 5.216071149404186e-69
[5, 9, 1, 3, 5, 2, 0, 1, 7, 4] 0 2.608035574702093e-69
[5, 9, 1, 3, 5, 2, 0, 1, 7, 4] 0 1.3040177873510466e-69
[5, 9, 1, 3, 5, 2, 0, 1, 7, 4] 0 6.520088936755233e-70
[5, 9, 1, 3, 5, 2, 0, 1, 7, 4] 0 3.2600444683776165e-70
[5, 9, 1, 3, 5, 2, 0, 1, 7, 4] 0 1.6300222341888082e-70
[5, 9, 1, 3, 5, 2, 0, 1, 7, 4] 0 8.150111170944041e-71
[5, 9, 1, 3, 5, 2, 0, 1, 7, 4] 0 4.0750555854720206e-71
[5, 9, 1, 3, 5, 2, 0, 1, 7, 4] 0 2.0375277927360103e-71
[5, 9, 1, 3, 5, 2, 0, 1, 7, 4] 0 1.0187638963680051e-71
[5, 9, 1, 3, 5, 2, 0, 1, 7, 4] 0 5.093819481840026e-72
[5, 9, 1, 3, 5, 2, 0, 1, 7, 4] 0 2.546909740920013e-72
[5, 9, 1, 3, 5, 2, 0, 1, 7, 4] 0 1.2734548704600064e-72
[5, 9, 1, 3, 5, 2, 0, 1, 7, 4] 0 6.367274352300032e-73
[5, 9, 1, 3, 5, 2, 0, 1, 7, 4] 0 3.183637176150016e-73
[5, 9, 1, 3, 5, 2, 0, 1, 7, 4] 0 1.591818588075008e-73
[5, 9, 1, 3, 5, 2, 0, 1, 7, 4] 0 7.95909294037504e-74
[5, 9, 1, 3, 5, 2, 0, 1, 7, 4] 0 3.97954647018752e-74
[5, 9, 1, 3, 5, 2, 0, 1, 7, 4] 0 1.98977323509376e-74
[5, 9, 1, 3, 5, 2, 0, 1, 7, 4] 0 9.9488661754688e-75
[5, 9, 1, 3, 5, 2, 0, 1, 7, 4] 0 4.9744330877344e-75
[5, 9, 1, 3, 5, 2, 0, 1, 7, 4] 0 2.4872165438672e-75
[5, 9, 1, 3, 5, 2, 0, 1, 7, 4] 0 1.2436082719336e-75
[5, 9, 1, 3, 5, 2, 0, 1, 7, 4] 0 6.218041359668e-76
[5, 9, 1, 3, 5, 2, 0, 1, 7, 4] 0 3.109020679834e-76
[5, 9, 1, 3, 5, 2, 0, 1, 7, 4] 0 1.554510339917e-76
[5, 9, 1, 3, 5, 2, 0, 1, 7, 4] 0 7.772551699585e-77
[5, 9, 1, 3, 5, 2, 0, 1, 7, 4] 0 3.8862758497925e-77
[5, 9, 1, 3, 5, 2, 0, 1, 7, 4] 0 1.94313792489625e-77
[5, 9, 1, 3, 5, 2, 0, 1, 7, 4] 0 9.71568962448125e-78
[5, 9, 1, 3, 5, 2, 0, 1, 7, 4] 0 4.857844812240625e-78
[5, 9, 1, 3, 5, 2, 0, 1, 7, 4] 0 2.4289224061203126e-78
[5, 9, 1, 3, 5, 2, 0, 1, 7, 4] 0 1.2144612030601563e-78
[5, 9, 1, 3, 5, 2, 0, 1, 7, 4] 0 6.072306015300781e-79
[5, 9, 1, 3, 5, 2, 0, 1, 7, 4] 0 3.0361530076503907e-79
[5, 9, 1, 3, 5, 2, 0, 1, 7, 4] 0 1.5180765038251953e-79
[5, 9, 1, 3, 5, 2, 0, 1, 7, 4] 0 7.590382519125977e-80
[5, 9, 1, 3, 5, 2, 0, 1, 7, 4] 0 3.795191259562988e-80
[5, 9, 1, 3, 5, 2, 0, 1, 7, 4] 0 1.897595629781494e-80
[5, 9, 1, 3, 5, 2, 0, 1, 7, 4] 0 9.48797814890747e-81
[5, 9, 1, 3, 5, 2, 0, 1, 7, 4] 0 4.743989074453735e-81
[5, 9, 1, 3, 5, 2, 0, 1, 7, 4] 0 2.3719945372268677e-81
[5, 9, 1, 3, 5, 2, 0, 1, 7, 4] 0 1.1859972686134339e-81
[5, 9, 1, 3, 5, 2, 0, 1, 7, 4] 0 5.929986343067169e-82
[5, 9, 1, 3, 5, 2, 0, 1, 7, 4] 0 2.9649931715335847e-82
[5, 9, 1, 3, 5, 2, 0, 1, 7, 4] 0 1.4824965857667923e-82
[5, 9, 1, 3, 5, 2, 0, 1, 7, 4] 0 7.412482928833962e-83
[5, 9, 1, 3, 5, 2, 0, 1, 7, 4] 0 3.706241464416981e-83
[5, 9, 1, 3, 5, 2, 0, 1, 7, 4] 0 1.8531207322084904e-83
[5, 9, 1, 3, 5, 2, 0, 1, 7, 4] 0 9.265603661042452e-84
[5, 9, 1, 3, 5, 2, 0, 1, 7, 4] 0 4.632801830521226e-84
[5, 9, 1, 3, 5, 2, 0, 1, 7, 4] 0 2.316400915260613e-84
[5, 9, 1, 3, 5, 2, 0, 1, 7, 4] 0 1.1582004576303065e-84
[5, 9, 1, 3, 5, 2, 0, 1, 7, 4] 0 5.791002288151533e-85
[5, 9, 1, 3, 5, 2, 0, 1, 7, 4] 0 2.895501144075766e-85
[5, 9, 1, 3, 5, 2, 0, 1, 7, 4] 0 1.447750572037883e-85
[5, 9, 1, 3, 5, 2, 0, 1, 7, 4] 0 7.238752860189416e-86
[5, 9, 1, 3, 5, 2, 0, 1, 7, 4] 0 3.619376430094708e-86
[5, 9, 1, 3, 5, 2, 0, 1, 7, 4] 0 1.809688215047354e-86
[5, 9, 1, 3, 5, 2, 0, 1, 7, 4] 0 9.04844107523677e-87
[5, 9, 1, 3, 5, 2, 0, 1, 7, 4] 0 4.524220537618385e-87
[5, 9, 1, 3, 5, 2, 0, 1, 7, 4] 0 2.2621102688091924e-87
[5, 9, 1, 3, 5, 2, 0, 1, 7, 4] 0 1.1310551344045962e-87
[5, 9, 1, 3, 5, 2, 0, 1, 7, 4] 0 5.655275672022981e-88
[5, 9, 1, 3, 5, 2, 0, 1, 7, 4] 0 2.8276378360114905e-88
[5, 9, 1, 3, 5, 2, 0, 1, 7, 4] 0 1.4138189180057452e-88
[5, 9, 1, 3, 5, 2, 0, 1, 7, 4] 0 7.069094590028726e-89
[5, 9, 1, 3, 5, 2, 0, 1, 7, 4] 0 3.534547295014363e-89
[5, 9, 1, 3, 5, 2, 0, 1, 7, 4] 0 1.7672736475071816e-89
[5, 9, 1, 3, 5, 2, 0, 1, 7, 4] 0 8.836368237535908e-90
[5, 9, 1, 3, 5, 2, 0, 1, 7, 4] 0 4.418184118767954e-90
[5, 9, 1, 3, 5, 2, 0, 1, 7, 4] 0 2.209092059383977e-90
[5, 9, 1, 3, 5, 2, 0, 1, 7, 4] 0 1.1045460296919885e-90
[5, 9, 1, 3, 5, 2, 0, 1, 7, 4] 0 5.522730148459942e-91
[5, 9, 1, 3, 5, 2, 0, 1, 7, 4] 0 2.761365074229971e-91
[5, 9, 1, 3, 5, 2, 0, 1, 7, 4] 0 1.3806825371149856e-91
[5, 9, 1, 3, 5, 2, 0, 1, 7, 4] 0 6.903412685574928e-92
[5, 9, 1, 3, 5, 2, 0, 1, 7, 4] 0 3.451706342787464e-92
[5, 9, 1, 3, 5, 2, 0, 1, 7, 4] 0 1.725853171393732e-92
[5, 9, 1, 3, 5, 2, 0, 1, 7, 4] 0 8.62926585696866e-93
[5, 9, 1, 3, 5, 2, 0, 1, 7, 4] 0 4.31463292848433e-93
[5, 9, 1, 3, 5, 2, 0, 1, 7, 4] 0 2.157316464242165e-93
[5, 9, 1, 3, 5, 2, 0, 1, 7, 4] 0 1.0786582321210825e-93
[5, 9, 1, 3, 5, 2, 0, 1, 7, 4] 0 5.393291160605412e-94
[5, 9, 1, 3, 5, 2, 0, 1, 7, 4] 0 2.696645580302706e-94
[5, 9, 1, 3, 5, 2, 0, 1, 7, 4] 0 1.348322790151353e-94
[5, 9, 1, 3, 5, 2, 0, 1, 7, 4] 0 6.741613950756766e-95
[5, 9, 1, 3, 5, 2, 0, 1, 7, 4] 0 3.370806975378383e-95
[5, 9, 1, 3, 5, 2, 0, 1, 7, 4] 0 1.6854034876891914e-95
[5, 9, 1, 3, 5, 2, 0, 1, 7, 4] 0 8.427017438445957e-96
[5, 9, 1, 3, 5, 2, 0, 1, 7, 4] 0 4.2135087192229785e-96
[5, 9, 1, 3, 5, 2, 0, 1, 7, 4] 0 2.1067543596114892e-96
[5, 9, 1, 3, 5, 2, 0, 1, 7, 4] 0 1.0533771798057446e-96
[5, 9, 1, 3, 5, 2, 0, 1, 7, 4] 0 5.266885899028723e-97
[5, 9, 1, 3, 5, 2, 0, 1, 7, 4] 0 2.6334429495143616e-97
[5, 9, 1, 3, 5, 2, 0, 1, 7, 4] 0 1.3167214747571808e-97
[5, 9, 1, 3, 5, 2, 0, 1, 7, 4] 0 6.583607373785904e-98
[5, 9, 1, 3, 5, 2, 0, 1, 7, 4] 0 3.291803686892952e-98
[5, 9, 1, 3, 5, 2, 0, 1, 7, 4] 0 1.645901843446476e-98
[5, 9, 1, 3, 5, 2, 0, 1, 7, 4] 0 8.22950921723238e-99
[5, 9, 1, 3, 5, 2, 0, 1, 7, 4] 0 4.11475460861619e-99
[5, 9, 1, 3, 5, 2, 0, 1, 7, 4] 0 2.057377304308095e-99
[5, 9, 1, 3, 5, 2, 0, 1, 7, 4] 0 1.0286886521540475e-99
[5, 9, 1, 3, 5, 2, 0, 1, 7, 4] 0 5.143443260770237e-100
[5, 9, 1, 3, 5, 2, 0, 1, 7, 4] 0 2.5717216303851187e-100
[5, 9, 1, 3, 5, 2, 0, 1, 7, 4] 0 1.2858608151925594e-100
[5, 9, 1, 3, 5, 2, 0, 1, 7, 4] 0 6.429304075962797e-101
[5, 9, 1, 3, 5, 2, 0, 1, 7, 4] 0 3.2146520379813984e-101
[5, 9, 1, 3, 5, 2, 0, 1, 7, 4] 0 1.6073260189906992e-101
[5, 9, 1, 3, 5, 2, 0, 1, 7, 4] 0 8.036630094953496e-102
[5, 9, 1, 3, 5, 2, 0, 1, 7, 4] 0 4.018315047476748e-102
[5, 9, 1, 3, 5, 2, 0, 1, 7, 4] 0 2.009157523738374e-102
[5, 9, 1, 3, 5, 2, 0, 1, 7, 4] 0 1.004578761869187e-102
[5, 9, 1, 3, 5, 2, 0, 1, 7, 4] 0 5.022893809345935e-103
[5, 9, 1, 3, 5, 2, 0, 1, 7, 4] 0 2.5114469046729675e-103
[5, 9, 1, 3, 5, 2, 0, 1, 7, 4] 0 1.2557234523364837e-103
[5, 9, 1, 3, 5, 2, 0, 1, 7, 4] 0 6.278617261682419e-104
[5, 9, 1, 3, 5, 2, 0, 1, 7, 4] 0 3.1393086308412094e-104
[5, 9, 1, 3, 5, 2, 0, 1, 7, 4] 0 1.5696543154206047e-104
[5, 9, 1, 3, 5, 2, 0, 1, 7, 4] 0 7.848271577103023e-105
[5, 9, 1, 3, 5, 2, 0, 1, 7, 4] 0 3.924135788551512e-105
[5, 9, 1, 3, 5, 2, 0, 1, 7, 4] 0 1.962067894275756e-105
[5, 9, 1, 3, 5, 2, 0, 1, 7, 4] 0 9.81033947137878e-106
[5, 9, 1, 3, 5, 2, 0, 1, 7, 4] 0 4.90516973568939e-106
[5, 9, 1, 3, 5, 2, 0, 1, 7, 4] 0 2.452584867844695e-106
[5, 9, 1, 3, 5, 2, 0, 1, 7, 4] 0 1.2262924339223474e-106
[5, 9, 1, 3, 5, 2, 0, 1, 7, 4] 0 6.131462169611737e-107
[5, 9, 1, 3, 5, 2, 0, 1, 7, 4] 0 3.0657310848058685e-107
[5, 9, 1, 3, 5, 2, 0, 1, 7, 4] 0 1.5328655424029343e-107
[5, 9, 1, 3, 5, 2, 0, 1, 7, 4] 0 7.664327712014671e-108
[5, 9, 1, 3, 5, 2, 0, 1, 7, 4] 0 3.832163856007336e-108
[5, 9, 1, 3, 5, 2, 0, 1, 7, 4] 0 1.916081928003668e-108
[5, 9, 1, 3, 5, 2, 0, 1, 7, 4] 0 9.58040964001834e-109
[5, 9, 1, 3, 5, 2, 0, 1, 7, 4] 0 4.79020482000917e-109
[5, 9, 1, 3, 5, 2, 0, 1, 7, 4] 0 2.395102410004585e-109
[5, 9, 1, 3, 5, 2, 0, 1, 7, 4] 0 1.1975512050022924e-109
[5, 9, 1, 3, 5, 2, 0, 1, 7, 4] 0 5.987756025011462e-110
[5, 9, 1, 3, 5, 2, 0, 1, 7, 4] 0 2.993878012505731e-110
[5, 9, 1, 3, 5, 2, 0, 1, 7, 4] 0 1.4969390062528655e-110
[5, 9, 1, 3, 5, 2, 0, 1, 7, 4] 0 7.484695031264327e-111
[5, 9, 1, 3, 5, 2, 0, 1, 7, 4] 0 3.742347515632164e-111
[5, 9, 1, 3, 5, 2, 0, 1, 7, 4] 0 1.871173757816082e-111
[5, 9, 1, 3, 5, 2, 0, 1, 7, 4] 0 9.35586878908041e-112
[5, 9, 1, 3, 5, 2, 0, 1, 7, 4] 0 4.677934394540205e-112
[5, 9, 1, 3, 5, 2, 0, 1, 7, 4] 0 2.3389671972701023e-112
[5, 9, 1, 3, 5, 2, 0, 1, 7, 4] 0 1.1694835986350512e-112
[5, 9, 1, 3, 5, 2, 0, 1, 7, 4] 0 5.847417993175256e-113
[5, 9, 1, 3, 5, 2, 0, 1, 7, 4] 0 2.923708996587628e-113
[5, 9, 1, 3, 5, 2, 0, 1, 7, 4] 0 1.461854498293814e-113
[5, 9, 1, 3, 5, 2, 0, 1, 7, 4] 0 7.30927249146907e-114
[5, 9, 1, 3, 5, 2, 0, 1, 7, 4] 0 3.654636245734535e-114
[5, 9, 1, 3, 5, 2, 0, 1, 7, 4] 0 1.8273181228672674e-114
[5, 9, 1, 3, 5, 2, 0, 1, 7, 4] 0 9.136590614336337e-115
[5, 9, 1, 3, 5, 2, 0, 1, 7, 4] 0 4.568295307168169e-115
[5, 9, 1, 3, 5, 2, 0, 1, 7, 4] 0 2.2841476535840843e-115
[5, 9, 1, 3, 5, 2, 0, 1, 7, 4] 0 1.1420738267920422e-115
[5, 9, 1, 3, 5, 2, 0, 1, 7, 4] 0 5.710369133960211e-116
[5, 9, 1, 3, 5, 2, 0, 1, 7, 4] 0 2.8551845669801054e-116
[5, 9, 1, 3, 5, 2, 0, 1, 7, 4] 0 1.4275922834900527e-116
[5, 9, 1, 3, 5, 2, 0, 1, 7, 4] 0 7.137961417450263e-117
[5, 9, 1, 3, 5, 2, 0, 1, 7, 4] 0 3.568980708725132e-117
[5, 9, 1, 3, 5, 2, 0, 1, 7, 4] 0 1.784490354362566e-117
[5, 9, 1, 3, 5, 2, 0, 1, 7, 4] 0 8.92245177181283e-118
[5, 9, 1, 3, 5, 2, 0, 1, 7, 4] 0 4.461225885906415e-118
[5, 9, 1, 3, 5, 2, 0, 1, 7, 4] 0 2.2306129429532073e-118
[5, 9, 1, 3, 5, 2, 0, 1, 7, 4] 0 1.1153064714766037e-118
[5, 9, 1, 3, 5, 2, 0, 1, 7, 4] 0 5.576532357383018e-119
[5, 9, 1, 3, 5, 2, 0, 1, 7, 4] 0 2.788266178691509e-119
[5, 9, 1, 3, 5, 2, 0, 1, 7, 4] 0 1.3941330893457546e-119
[5, 9, 1, 3, 5, 2, 0, 1, 7, 4] 0 6.970665446728773e-120
[5, 9, 1, 3, 5, 2, 0, 1, 7, 4] 0 3.4853327233643864e-120
[5, 9, 1, 3, 5, 2, 0, 1, 7, 4] 0 1.7426663616821932e-120
[5, 9, 1, 3, 5, 2, 0, 1, 7, 4] 0 8.713331808410966e-121
[5, 9, 1, 3, 5, 2, 0, 1, 7, 4] 0 4.356665904205483e-121
[5, 9, 1, 3, 5, 2, 0, 1, 7, 4] 0 2.1783329521027415e-121
[5, 9, 1, 3, 5, 2, 0, 1, 7, 4] 0 1.0891664760513708e-121
[5, 9, 1, 3, 5, 2, 0, 1, 7, 4] 0 5.445832380256854e-122
[5, 9, 1, 3, 5, 2, 0, 1, 7, 4] 0 2.722916190128427e-122
[5, 9, 1, 3, 5, 2, 0, 1, 7, 4] 0 1.3614580950642135e-122
[5, 9, 1, 3, 5, 2, 0, 1, 7, 4] 0 6.807290475321067e-123
[5, 9, 1, 3, 5, 2, 0, 1, 7, 4] 0 3.4036452376605336e-123
[5, 9, 1, 3, 5, 2, 0, 1, 7, 4] 0 1.7018226188302668e-123
[5, 9, 1, 3, 5, 2, 0, 1, 7, 4] 0 8.509113094151334e-124
[5, 9, 1, 3, 5, 2, 0, 1, 7, 4] 0 4.254556547075667e-124
[5, 9, 1, 3, 5, 2, 0, 1, 7, 4] 0 2.1272782735378335e-124
[5, 9, 1, 3, 5, 2, 0, 1, 7, 4] 0 1.0636391367689168e-124
[5, 9, 1, 3, 5, 2, 0, 1, 7, 4] 0 5.318195683844584e-125
[5, 9, 1, 3, 5, 2, 0, 1, 7, 4] 0 2.659097841922292e-125
[5, 9, 1, 3, 5, 2, 0, 1, 7, 4] 0 1.329548920961146e-125
[5, 9, 1, 3, 5, 2, 0, 1, 7, 4] 0 6.64774460480573e-126
[5, 9, 1, 3, 5, 2, 0, 1, 7, 4] 0 3.323872302402865e-126
[5, 9, 1, 3, 5, 2, 0, 1, 7, 4] 0 1.6619361512014324e-126
[5, 9, 1, 3, 5, 2, 0, 1, 7, 4] 0 8.309680756007162e-127
[5, 9, 1, 3, 5, 2, 0, 1, 7, 4] 0 4.154840378003581e-127
[5, 9, 1, 3, 5, 2, 0, 1, 7, 4] 0 2.0774201890017906e-127
[5, 9, 1, 3, 5, 2, 0, 1, 7, 4] 0 1.0387100945008953e-127
[5, 9, 1, 3, 5, 2, 0, 1, 7, 4] 0 5.193550472504476e-128
[5, 9, 1, 3, 5, 2, 0, 1, 7, 4] 0 2.596775236252238e-128
[5, 9, 1, 3, 5, 2, 0, 1, 7, 4] 0 1.298387618126119e-128
[5, 9, 1, 3, 5, 2, 0, 1, 7, 4] 0 6.491938090630595e-129
[5, 9, 1, 3, 5, 2, 0, 1, 7, 4] 0 3.245969045315298e-129
[5, 9, 1, 3, 5, 2, 0, 1, 7, 4] 0 1.622984522657649e-129
[5, 9, 1, 3, 5, 2, 0, 1, 7, 4] 0 8.114922613288244e-130
[5, 9, 1, 3, 5, 2, 0, 1, 7, 4] 0 4.057461306644122e-130
[5, 9, 1, 3, 5, 2, 0, 1, 7, 4] 0 2.028730653322061e-130
[5, 9, 1, 3, 5, 2, 0, 1, 7, 4] 0 1.0143653266610305e-130
[5, 9, 1, 3, 5, 2, 0, 1, 7, 4] 0 5.071826633305153e-131
[5, 9, 1, 3, 5, 2, 0, 1, 7, 4] 0 2.5359133166525764e-131
[5, 9, 1, 3, 5, 2, 0, 1, 7, 4] 0 1.2679566583262882e-131
[5, 9, 1, 3, 5, 2, 0, 1, 7, 4] 0 6.339783291631441e-132
[5, 9, 1, 3, 5, 2, 0, 1, 7, 4] 0 3.1698916458157204e-132
[5, 9, 1, 3, 5, 2, 0, 1, 7, 4] 0 1.5849458229078602e-132
[5, 9, 1, 3, 5, 2, 0, 1, 7, 4] 0 7.924729114539301e-133
[5, 9, 1, 3, 5, 2, 0, 1, 7, 4] 0 3.9623645572696506e-133
[5, 9, 1, 3, 5, 2, 0, 1, 7, 4] 0 1.9811822786348253e-133
[5, 9, 1, 3, 5, 2, 0, 1, 7, 4] 0 9.905911393174126e-134
[5, 9, 1, 3, 5, 2, 0, 1, 7, 4] 0 4.952955696587063e-134
[5, 9, 1, 3, 5, 2, 0, 1, 7, 4] 0 2.4764778482935316e-134
[5, 9, 1, 3, 5, 2, 0, 1, 7, 4] 0 1.2382389241467658e-134
[5, 9, 1, 3, 5, 2, 0, 1, 7, 4] 0 6.191194620733829e-135
[5, 9, 1, 3, 5, 2, 0, 1, 7, 4] 0 3.0955973103669145e-135
[5, 9, 1, 3, 5, 2, 0, 1, 7, 4] 0 1.5477986551834572e-135
[5, 9, 1, 3, 5, 2, 0, 1, 7, 4] 0 7.738993275917286e-136
[5, 9, 1, 3, 5, 2, 0, 1, 7, 4] 0 3.869496637958643e-136
[5, 9, 1, 3, 5, 2, 0, 1, 7, 4] 0 1.9347483189793216e-136
[5, 9, 1, 3, 5, 2, 0, 1, 7, 4] 0 9.673741594896608e-137
[5, 9, 1, 3, 5, 2, 0, 1, 7, 4] 0 4.836870797448304e-137
[5, 9, 1, 3, 5, 2, 0, 1, 7, 4] 0 2.418435398724152e-137
[5, 9, 1, 3, 5, 2, 0, 1, 7, 4] 0 1.209217699362076e-137
[5, 9, 1, 3, 5, 2, 0, 1, 7, 4] 0 6.04608849681038e-138
[5, 9, 1, 3, 5, 2, 0, 1, 7, 4] 0 3.02304424840519e-138
[5, 9, 1, 3, 5, 2, 0, 1, 7, 4] 0 1.511522124202595e-138
[5, 9, 1, 3, 5, 2, 0, 1, 7, 4] 0 7.557610621012975e-139
[5, 9, 1, 3, 5, 2, 0, 1, 7, 4] 0 3.7788053105064874e-139
[5, 9, 1, 3, 5, 2, 0, 1, 7, 4] 0 1.8894026552532437e-139
[5, 9, 1, 3, 5, 2, 0, 1, 7, 4] 0 9.447013276266219e-140
[5, 9, 1, 3, 5, 2, 0, 1, 7, 4] 0 4.723506638133109e-140
[5, 9, 1, 3, 5, 2, 0, 1, 7, 4] 0 2.3617533190665546e-140
[5, 9, 1, 3, 5, 2, 0, 1, 7, 4] 0 1.1808766595332773e-140
[5, 9, 1, 3, 5, 2, 0, 1, 7, 4] 0 5.904383297666387e-141
[5, 9, 1, 3, 5, 2, 0, 1, 7, 4] 0 2.9521916488331933e-141
[5, 9, 1, 3, 5, 2, 0, 1, 7, 4] 0 1.4760958244165966e-141
[5, 9, 1, 3, 5, 2, 0, 1, 7, 4] 0 7.380479122082983e-142
[5, 9, 1, 3, 5, 2, 0, 1, 7, 4] 0 3.6902395610414916e-142
[5, 9, 1, 3, 5, 2, 0, 1, 7, 4] 0 1.8451197805207458e-142
[5, 9, 1, 3, 5, 2, 0, 1, 7, 4] 0 9.225598902603729e-143
[5, 9, 1, 3, 5, 2, 0, 1, 7, 4] 0 4.6127994513018645e-143
[5, 9, 1, 3, 5, 2, 0, 1, 7, 4] 0 2.3063997256509323e-143
[5, 9, 1, 3, 5, 2, 0, 1, 7, 4] 0 1.1531998628254661e-143
[5, 9, 1, 3, 5, 2, 0, 1, 7, 4] 0 5.765999314127331e-144
[5, 9, 1, 3, 5, 2, 0, 1, 7, 4] 0 2.8829996570636653e-144
[5, 9, 1, 3, 5, 2, 0, 1, 7, 4] 0 1.4414998285318327e-144
[5, 9, 1, 3, 5, 2, 0, 1, 7, 4] 0 7.207499142659163e-145
[5, 9, 1, 3, 5, 2, 0, 1, 7, 4] 0 3.603749571329582e-145
[5, 9, 1, 3, 5, 2, 0, 1, 7, 4] 0 1.801874785664791e-145
[5, 9, 1, 3, 5, 2, 0, 1, 7, 4] 0 9.009373928323954e-146
[5, 9, 1, 3, 5, 2, 0, 1, 7, 4] 0 4.504686964161977e-146
[5, 9, 1, 3, 5, 2, 0, 1, 7, 4] 0 2.2523434820809885e-146
[5, 9, 1, 3, 5, 2, 0, 1, 7, 4] 0 1.1261717410404943e-146
[5, 9, 1, 3, 5, 2, 0, 1, 7, 4] 0 5.630858705202471e-147
[5, 9, 1, 3, 5, 2, 0, 1, 7, 4] 0 2.8154293526012357e-147
[5, 9, 1, 3, 5, 2, 0, 1, 7, 4] 0 1.4077146763006178e-147
[5, 9, 1, 3, 5, 2, 0, 1, 7, 4] 0 7.038573381503089e-148
[5, 9, 1, 3, 5, 2, 0, 1, 7, 4] 0 3.5192866907515446e-148
[5, 9, 1, 3, 5, 2, 0, 1, 7, 4] 0 1.7596433453757723e-148
[5, 9, 1, 3, 5, 2, 0, 1, 7, 4] 0 8.798216726878861e-149
[5, 9, 1, 3, 5, 2, 0, 1, 7, 4] 0 4.399108363439431e-149
[5, 9, 1, 3, 5, 2, 0, 1, 7, 4] 0 2.1995541817197154e-149
[5, 9, 1, 3, 5, 2, 0, 1, 7, 4] 0 1.0997770908598577e-149
[5, 9, 1, 3, 5, 2, 0, 1, 7, 4] 0 5.498885454299288e-150
[5, 9, 1, 3, 5, 2, 0, 1, 7, 4] 0 2.749442727149644e-150
[5, 9, 1, 3, 5, 2, 0, 1, 7, 4] 0 1.374721363574822e-150
[5, 9, 1, 3, 5, 2, 0, 1, 7, 4] 0 6.87360681787411e-151
[5, 9, 1, 3, 5, 2, 0, 1, 7, 4] 0 3.436803408937055e-151
[5, 9, 1, 3, 5, 2, 0, 1, 7, 4] 0 1.7184017044685276e-151
[5, 9, 1, 3, 5, 2, 0, 1, 7, 4] 0 8.592008522342638e-152
[5, 9, 1, 3, 5, 2, 0, 1, 7, 4] 0 4.296004261171319e-152
[5, 9, 1, 3, 5, 2, 0, 1, 7, 4] 0 2.1480021305856595e-152
[5, 9, 1, 3, 5, 2, 0, 1, 7, 4] 0 1.0740010652928298e-152
[5, 9, 1, 3, 5, 2, 0, 1, 7, 4] 0 5.370005326464149e-153
[5, 9, 1, 3, 5, 2, 0, 1, 7, 4] 0 2.6850026632320744e-153
[5, 9, 1, 3, 5, 2, 0, 1, 7, 4] 0 1.3425013316160372e-153
[5, 9, 1, 3, 5, 2, 0, 1, 7, 4] 0 6.712506658080186e-154
[5, 9, 1, 3, 5, 2, 0, 1, 7, 4] 0 3.356253329040093e-154
[5, 9, 1, 3, 5, 2, 0, 1, 7, 4] 0 1.6781266645200465e-154
[5, 9, 1, 3, 5, 2, 0, 1, 7, 4] 0 8.390633322600233e-155
[5, 9, 1, 3, 5, 2, 0, 1, 7, 4] 0 4.195316661300116e-155
[5, 9, 1, 3, 5, 2, 0, 1, 7, 4] 0 2.097658330650058e-155
[5, 9, 1, 3, 5, 2, 0, 1, 7, 4] 0 1.048829165325029e-155
[5, 9, 1, 3, 5, 2, 0, 1, 7, 4] 0 5.244145826625145e-156
[5, 9, 1, 3, 5, 2, 0, 1, 7, 4] 0 2.6220729133125727e-156
[5, 9, 1, 3, 5, 2, 0, 1, 7, 4] 0 1.3110364566562863e-156
[5, 9, 1, 3, 5, 2, 0, 1, 7, 4] 0 6.555182283281432e-157
[5, 9, 1, 3, 5, 2, 0, 1, 7, 4] 0 3.277591141640716e-157
[5, 9, 1, 3, 5, 2, 0, 1, 7, 4] 0 1.638795570820358e-157
[5, 9, 1, 3, 5, 2, 0, 1, 7, 4] 0 8.19397785410179e-158
[5, 9, 1, 3, 5, 2, 0, 1, 7, 4] 0 4.096988927050895e-158
[5, 9, 1, 3, 5, 2, 0, 1, 7, 4] 0 2.0484944635254474e-158
[5, 9, 1, 3, 5, 2, 0, 1, 7, 4] 0 1.0242472317627237e-158
[5, 9, 1, 3, 5, 2, 0, 1, 7, 4] 0 5.121236158813619e-159
[5, 9, 1, 3, 5, 2, 0, 1, 7, 4] 0 2.5606180794068093e-159
[5, 9, 1, 3, 5, 2, 0, 1, 7, 4] 0 1.2803090397034046e-159
[5, 9, 1, 3, 5, 2, 0, 1, 7, 4] 0 6.401545198517023e-160
[5, 9, 1, 3, 5, 2, 0, 1, 7, 4] 0 3.2007725992585116e-160
[5, 9, 1, 3, 5, 2, 0, 1, 7, 4] 0 1.6003862996292558e-160
[5, 9, 1, 3, 5, 2, 0, 1, 7, 4] 0 8.001931498146279e-161
[5, 9, 1, 3, 5, 2, 0, 1, 7, 4] 0 4.0009657490731395e-161
[5, 9, 1, 3, 5, 2, 0, 1, 7, 4] 0 2.0004828745365697e-161
[5, 9, 1, 3, 5, 2, 0, 1, 7, 4] 0 1.0002414372682849e-161
[5, 9, 1, 3, 5, 2, 0, 1, 7, 4] 0 5.001207186341424e-162
[5, 9, 1, 3, 5, 2, 0, 1, 7, 4] 0 2.500603593170712e-162
[5, 9, 1, 3, 5, 2, 0, 1, 7, 4] 0 1.250301796585356e-162
[5, 9, 1, 3, 5, 2, 0, 1, 7, 4] 0 6.25150898292678e-163
[5, 9, 1, 3, 5, 2, 0, 1, 7, 4] 0 3.12575449146339e-163
[5, 9, 1, 3, 5, 2, 0, 1, 7, 4] 0 1.562877245731695e-163
[5, 9, 1, 3, 5, 2, 0, 1, 7, 4] 0 7.814386228658476e-164
[5, 9, 1, 3, 5, 2, 0, 1, 7, 4] 0 3.907193114329238e-164
[5, 9, 1, 3, 5, 2, 0, 1, 7, 4] 0 1.953596557164619e-164
[5, 9, 1, 3, 5, 2, 0, 1, 7, 4] 0 9.767982785823094e-165
[5, 9, 1, 3, 5, 2, 0, 1, 7, 4] 0 4.883991392911547e-165
[5, 9, 1, 3, 5, 2, 0, 1, 7, 4] 0 2.4419956964557736e-165
[5, 9, 1, 3, 5, 2, 0, 1, 7, 4] 0 1.2209978482278868e-165
[5, 9, 1, 3, 5, 2, 0, 1, 7, 4] 0 6.104989241139434e-166
[5, 9, 1, 3, 5, 2, 0, 1, 7, 4] 0 3.052494620569717e-166
[5, 9, 1, 3, 5, 2, 0, 1, 7, 4] 0 1.5262473102848585e-166
[5, 9, 1, 3, 5, 2, 0, 1, 7, 4] 0 7.631236551424293e-167
[5, 9, 1, 3, 5, 2, 0, 1, 7, 4] 0 3.815618275712146e-167
[5, 9, 1, 3, 5, 2, 0, 1, 7, 4] 0 1.907809137856073e-167
[5, 9, 1, 3, 5, 2, 0, 1, 7, 4] 0 9.539045689280366e-168
[5, 9, 1, 3, 5, 2, 0, 1, 7, 4] 0 4.769522844640183e-168
[5, 9, 1, 3, 5, 2, 0, 1, 7, 4] 0 2.3847614223200914e-168
[5, 9, 1, 3, 5, 2, 0, 1, 7, 4] 0 1.1923807111600457e-168
[5, 9, 1, 3, 5, 2, 0, 1, 7, 4] 0 5.961903555800229e-169
[5, 9, 1, 3, 5, 2, 0, 1, 7, 4] 0 2.980951777900114e-169
[5, 9, 1, 3, 5, 2, 0, 1, 7, 4] 0 1.490475888950057e-169
[5, 9, 1, 3, 5, 2, 0, 1, 7, 4] 0 7.452379444750286e-170
[5, 9, 1, 3, 5, 2, 0, 1, 7, 4] 0 3.726189722375143e-170
[5, 9, 1, 3, 5, 2, 0, 1, 7, 4] 0 1.8630948611875714e-170
[5, 9, 1, 3, 5, 2, 0, 1, 7, 4] 0 9.315474305937857e-171
[5, 9, 1, 3, 5, 2, 0, 1, 7, 4] 0 4.6577371529689285e-171
[5, 9, 1, 3, 5, 2, 0, 1, 7, 4] 0 2.3288685764844643e-171
[5, 9, 1, 3, 5, 2, 0, 1, 7, 4] 0 1.1644342882422321e-171
[5, 9, 1, 3, 5, 2, 0, 1, 7, 4] 0 5.822171441211161e-172
[5, 9, 1, 3, 5, 2, 0, 1, 7, 4] 0 2.9110857206055803e-172
[5, 9, 1, 3, 5, 2, 0, 1, 7, 4] 0 1.4555428603027902e-172
[5, 9, 1, 3, 5, 2, 0, 1, 7, 4] 0 7.277714301513951e-173
[5, 9, 1, 3, 5, 2, 0, 1, 7, 4] 0 3.6388571507569754e-173
[5, 9, 1, 3, 5, 2, 0, 1, 7, 4] 0 1.8194285753784877e-173
[5, 9, 1, 3, 5, 2, 0, 1, 7, 4] 0 9.097142876892439e-174
[5, 9, 1, 3, 5, 2, 0, 1, 7, 4] 0 4.548571438446219e-174
[5, 9, 1, 3, 5, 2, 0, 1, 7, 4] 0 2.2742857192231096e-174
[5, 9, 1, 3, 5, 2, 0, 1, 7, 4] 0 1.1371428596115548e-174
[5, 9, 1, 3, 5, 2, 0, 1, 7, 4] 0 5.685714298057774e-175
[5, 9, 1, 3, 5, 2, 0, 1, 7, 4] 0 2.842857149028887e-175
[5, 9, 1, 3, 5, 2, 0, 1, 7, 4] 0 1.4214285745144435e-175
[5, 9, 1, 3, 5, 2, 0, 1, 7, 4] 0 7.107142872572218e-176
[5, 9, 1, 3, 5, 2, 0, 1, 7, 4] 0 3.553571436286109e-176
[5, 9, 1, 3, 5, 2, 0, 1, 7, 4] 0 1.7767857181430544e-176
[5, 9, 1, 3, 5, 2, 0, 1, 7, 4] 0 8.883928590715272e-177
[5, 9, 1, 3, 5, 2, 0, 1, 7, 4] 0 4.441964295357636e-177
[5, 9, 1, 3, 5, 2, 0, 1, 7, 4] 0 2.220982147678818e-177
[5, 9, 1, 3, 5, 2, 0, 1, 7, 4] 0 1.110491073839409e-177
[5, 9, 1, 3, 5, 2, 0, 1, 7, 4] 0 5.552455369197045e-178
[5, 9, 1, 3, 5, 2, 0, 1, 7, 4] 0 2.7762276845985225e-178
[5, 9, 1, 3, 5, 2, 0, 1, 7, 4] 0 1.3881138422992613e-178
[5, 9, 1, 3, 5, 2, 0, 1, 7, 4] 0 6.940569211496306e-179
[5, 9, 1, 3, 5, 2, 0, 1, 7, 4] 0 3.470284605748153e-179
[5, 9, 1, 3, 5, 2, 0, 1, 7, 4] 0 1.7351423028740766e-179
[5, 9, 1, 3, 5, 2, 0, 1, 7, 4] 0 8.675711514370383e-180
[5, 9, 1, 3, 5, 2, 0, 1, 7, 4] 0 4.337855757185191e-180
[5, 9, 1, 3, 5, 2, 0, 1, 7, 4] 0 2.1689278785925957e-180
[5, 9, 1, 3, 5, 2, 0, 1, 7, 4] 0 1.0844639392962979e-180
[5, 9, 1, 3, 5, 2, 0, 1, 7, 4] 0 5.422319696481489e-181
[5, 9, 1, 3, 5, 2, 0, 1, 7, 4] 0 2.7111598482407446e-181
[5, 9, 1, 3, 5, 2, 0, 1, 7, 4] 0 1.3555799241203723e-181
[5, 9, 1, 3, 5, 2, 0, 1, 7, 4] 0 6.777899620601862e-182
[5, 9, 1, 3, 5, 2, 0, 1, 7, 4] 0 3.388949810300931e-182
[5, 9, 1, 3, 5, 2, 0, 1, 7, 4] 0 1.6944749051504654e-182
[5, 9, 1, 3, 5, 2, 0, 1, 7, 4] 0 8.472374525752327e-183
[5, 9, 1, 3, 5, 2, 0, 1, 7, 4] 0 4.2361872628761635e-183
[5, 9, 1, 3, 5, 2, 0, 1, 7, 4] 0 2.1180936314380817e-183
[5, 9, 1, 3, 5, 2, 0, 1, 7, 4] 0 1.0590468157190409e-183
[5, 9, 1, 3, 5, 2, 0, 1, 7, 4] 0 5.295234078595204e-184
[5, 9, 1, 3, 5, 2, 0, 1, 7, 4] 0 2.647617039297602e-184
[5, 9, 1, 3, 5, 2, 0, 1, 7, 4] 0 1.323808519648801e-184
[5, 9, 1, 3, 5, 2, 0, 1, 7, 4] 0 6.619042598244005e-185
[5, 9, 1, 3, 5, 2, 0, 1, 7, 4] 0 3.309521299122003e-185
[5, 9, 1, 3, 5, 2, 0, 1, 7, 4] 0 1.6547606495610014e-185
[5, 9, 1, 3, 5, 2, 0, 1, 7, 4] 0 8.273803247805007e-186
[5, 9, 1, 3, 5, 2, 0, 1, 7, 4] 0 4.136901623902503e-186
[5, 9, 1, 3, 5, 2, 0, 1, 7, 4] 0 2.0684508119512517e-186
[5, 9, 1, 3, 5, 2, 0, 1, 7, 4] 0 1.0342254059756259e-186
[5, 9, 1, 3, 5, 2, 0, 1, 7, 4] 0 5.171127029878129e-187
[5, 9, 1, 3, 5, 2, 0, 1, 7, 4] 0 2.5855635149390646e-187
[5, 9, 1, 3, 5, 2, 0, 1, 7, 4] 0 1.2927817574695323e-187
[5, 9, 1, 3, 5, 2, 0, 1, 7, 4] 0 6.463908787347662e-188
[5, 9, 1, 3, 5, 2, 0, 1, 7, 4] 0 3.231954393673831e-188
[5, 9, 1, 3, 5, 2, 0, 1, 7, 4] 0 1.6159771968369154e-188
[5, 9, 1, 3, 5, 2, 0, 1, 7, 4] 0 8.079885984184577e-189
[5, 9, 1, 3, 5, 2, 0, 1, 7, 4] 0 4.0399429920922885e-189
[5, 9, 1, 3, 5, 2, 0, 1, 7, 4] 0 2.0199714960461442e-189
[5, 9, 1, 3, 5, 2, 0, 1, 7, 4] 0 1.0099857480230721e-189
[5, 9, 1, 3, 5, 2, 0, 1, 7, 4] 0 5.049928740115361e-190
[5, 9, 1, 3, 5, 2, 0, 1, 7, 4] 0 2.5249643700576803e-190
[5, 9, 1, 3, 5, 2, 0, 1, 7, 4] 0 1.2624821850288402e-190
[5, 9, 1, 3, 5, 2, 0, 1, 7, 4] 0 6.312410925144201e-191
[5, 9, 1, 3, 5, 2, 0, 1, 7, 4] 0 3.1562054625721004e-191
[5, 9, 1, 3, 5, 2, 0, 1, 7, 4] 0 1.5781027312860502e-191
[5, 9, 1, 3, 5, 2, 0, 1, 7, 4] 0 7.890513656430251e-192
[5, 9, 1, 3, 5, 2, 0, 1, 7, 4] 0 3.9452568282151255e-192
[5, 9, 1, 3, 5, 2, 0, 1, 7, 4] 0 1.9726284141075627e-192
[5, 9, 1, 3, 5, 2, 0, 1, 7, 4] 0 9.863142070537814e-193
[5, 9, 1, 3, 5, 2, 0, 1, 7, 4] 0 4.931571035268907e-193
[5, 9, 1, 3, 5, 2, 0, 1, 7, 4] 0 2.4657855176344534e-193
[5, 9, 1, 3, 5, 2, 0, 1, 7, 4] 0 1.2328927588172267e-193
[5, 9, 1, 3, 5, 2, 0, 1, 7, 4] 0 6.164463794086134e-194
[5, 9, 1, 3, 5, 2, 0, 1, 7, 4] 0 3.082231897043067e-194
[5, 9, 1, 3, 5, 2, 0, 1, 7, 4] 0 1.5411159485215334e-194
[5, 9, 1, 3, 5, 2, 0, 1, 7, 4] 0 7.705579742607667e-195
[5, 9, 1, 3, 5, 2, 0, 1, 7, 4] 0 3.8527898713038335e-195
[5, 9, 1, 3, 5, 2, 0, 1, 7, 4] 0 1.9263949356519167e-195
[5, 9, 1, 3, 5, 2, 0, 1, 7, 4] 0 9.631974678259584e-196
[5, 9, 1, 3, 5, 2, 0, 1, 7, 4] 0 4.815987339129792e-196
[5, 9, 1, 3, 5, 2, 0, 1, 7, 4] 0 2.407993669564896e-196
[5, 9, 1, 3, 5, 2, 0, 1, 7, 4] 0 1.203996834782448e-196
[5, 9, 1, 3, 5, 2, 0, 1, 7, 4] 0 6.01998417391224e-197
[5, 9, 1, 3, 5, 2, 0, 1, 7, 4] 0 3.00999208695612e-197
[5, 9, 1, 3, 5, 2, 0, 1, 7, 4] 0 1.50499604347806e-197
[5, 9, 1, 3, 5, 2, 0, 1, 7, 4] 0 7.5249802173903e-198
[5, 9, 1, 3, 5, 2, 0, 1, 7, 4] 0 3.76249010869515e-198
[5, 9, 1, 3, 5, 2, 0, 1, 7, 4] 0 1.881245054347575e-198
[5, 9, 1, 3, 5, 2, 0, 1, 7, 4] 0 9.406225271737875e-199
[5, 9, 1, 3, 5, 2, 0, 1, 7, 4] 0 4.703112635868937e-199
[5, 9, 1, 3, 5, 2, 0, 1, 7, 4] 0 2.3515563179344687e-199
[5, 9, 1, 3, 5, 2, 0, 1, 7, 4] 0 1.1757781589672343e-199
[5, 9, 1, 3, 5, 2, 0, 1, 7, 4] 0 5.878890794836172e-200
[5, 9, 1, 3, 5, 2, 0, 1, 7, 4] 0 2.939445397418086e-200
[5, 9, 1, 3, 5, 2, 0, 1, 7, 4] 0 1.469722698709043e-200
[5, 9, 1, 3, 5, 2, 0, 1, 7, 4] 0 7.348613493545215e-201
[5, 9, 1, 3, 5, 2, 0, 1, 7, 4] 0 3.674306746772607e-201
[5, 9, 1, 3, 5, 2, 0, 1, 7, 4] 0 1.8371533733863036e-201
[5, 9, 1, 3, 5, 2, 0, 1, 7, 4] 0 9.185766866931518e-202
[5, 9, 1, 3, 5, 2, 0, 1, 7, 4] 0 4.592883433465759e-202
[5, 9, 1, 3, 5, 2, 0, 1, 7, 4] 0 2.2964417167328796e-202
[5, 9, 1, 3, 5, 2, 0, 1, 7, 4] 0 1.1482208583664398e-202
[5, 9, 1, 3, 5, 2, 0, 1, 7, 4] 0 5.741104291832199e-203
[5, 9, 1, 3, 5, 2, 0, 1, 7, 4] 0 2.8705521459160995e-203
[5, 9, 1, 3, 5, 2, 0, 1, 7, 4] 0 1.4352760729580497e-203
[5, 9, 1, 3, 5, 2, 0, 1, 7, 4] 0 7.176380364790249e-204
[5, 9, 1, 3, 5, 2, 0, 1, 7, 4] 0 3.588190182395124e-204
[5, 9, 1, 3, 5, 2, 0, 1, 7, 4] 0 1.794095091197562e-204
[5, 9, 1, 3, 5, 2, 0, 1, 7, 4] 0 8.97047545598781e-205
[5, 9, 1, 3, 5, 2, 0, 1, 7, 4] 0 4.485237727993905e-205
[5, 9, 1, 3, 5, 2, 0, 1, 7, 4] 0 2.2426188639969527e-205
[5, 9, 1, 3, 5, 2, 0, 1, 7, 4] 0 1.1213094319984763e-205
[5, 9, 1, 3, 5, 2, 0, 1, 7, 4] 0 5.606547159992382e-206
[5, 9, 1, 3, 5, 2, 0, 1, 7, 4] 0 2.803273579996191e-206
[5, 9, 1, 3, 5, 2, 0, 1, 7, 4] 0 1.4016367899980954e-206
[5, 9, 1, 3, 5, 2, 0, 1, 7, 4] 0 7.008183949990477e-207
[5, 9, 1, 3, 5, 2, 0, 1, 7, 4] 0 3.5040919749952386e-207
[5, 9, 1, 3, 5, 2, 0, 1, 7, 4] 0 1.7520459874976193e-207
[5, 9, 1, 3, 5, 2, 0, 1, 7, 4] 0 8.760229937488096e-208
[5, 9, 1, 3, 5, 2, 0, 1, 7, 4] 0 4.380114968744048e-208
[5, 9, 1, 3, 5, 2, 0, 1, 7, 4] 0 2.190057484372024e-208
[5, 9, 1, 3, 5, 2, 0, 1, 7, 4] 0 1.095028742186012e-208
[5, 9, 1, 3, 5, 2, 0, 1, 7, 4] 0 5.47514371093006e-209
[5, 9, 1, 3, 5, 2, 0, 1, 7, 4] 0 2.73757185546503e-209
[5, 9, 1, 3, 5, 2, 0, 1, 7, 4] 0 1.368785927732515e-209
[5, 9, 1, 3, 5, 2, 0, 1, 7, 4] 0 6.843929638662575e-210
[5, 9, 1, 3, 5, 2, 0, 1, 7, 4] 0 3.421964819331288e-210
[5, 9, 1, 3, 5, 2, 0, 1, 7, 4] 0 1.710982409665644e-210
[5, 9, 1, 3, 5, 2, 0, 1, 7, 4] 0 8.55491204832822e-211
[5, 9, 1, 3, 5, 2, 0, 1, 7, 4] 0 4.27745602416411e-211
[5, 9, 1, 3, 5, 2, 0, 1, 7, 4] 0 2.138728012082055e-211
[5, 9, 1, 3, 5, 2, 0, 1, 7, 4] 0 1.0693640060410274e-211
[5, 9, 1, 3, 5, 2, 0, 1, 7, 4] 0 5.346820030205137e-212
[5, 9, 1, 3, 5, 2, 0, 1, 7, 4] 0 2.6734100151025685e-212
[5, 9, 1, 3, 5, 2, 0, 1, 7, 4] 0 1.3367050075512843e-212
[5, 9, 1, 3, 5, 2, 0, 1, 7, 4] 0 6.683525037756421e-213
[5, 9, 1, 3, 5, 2, 0, 1, 7, 4] 0 3.3417625188782106e-213
[5, 9, 1, 3, 5, 2, 0, 1, 7, 4] 0 1.6708812594391053e-213
[5, 9, 1, 3, 5, 2, 0, 1, 7, 4] 0 8.354406297195527e-214
[5, 9, 1, 3, 5, 2, 0, 1, 7, 4] 0 4.177203148597763e-214
[5, 9, 1, 3, 5, 2, 0, 1, 7, 4] 0 2.0886015742988816e-214
[5, 9, 1, 3, 5, 2, 0, 1, 7, 4] 0 1.0443007871494408e-214
[5, 9, 1, 3, 5, 2, 0, 1, 7, 4] 0 5.221503935747204e-215
[5, 9, 1, 3, 5, 2, 0, 1, 7, 4] 0 2.610751967873602e-215
[5, 9, 1, 3, 5, 2, 0, 1, 7, 4] 0 1.305375983936801e-215
[5, 9, 1, 3, 5, 2, 0, 1, 7, 4] 0 6.526879919684005e-216
[5, 9, 1, 3, 5, 2, 0, 1, 7, 4] 0 3.2634399598420026e-216
[5, 9, 1, 3, 5, 2, 0, 1, 7, 4] 0 1.6317199799210013e-216
[5, 9, 1, 3, 5, 2, 0, 1, 7, 4] 0 8.158599899605006e-217
[5, 9, 1, 3, 5, 2, 0, 1, 7, 4] 0 4.079299949802503e-217
[5, 9, 1, 3, 5, 2, 0, 1, 7, 4] 0 2.0396499749012516e-217
[5, 9, 1, 3, 5, 2, 0, 1, 7, 4] 0 1.0198249874506258e-217
[5, 9, 1, 3, 5, 2, 0, 1, 7, 4] 0 5.099124937253129e-218
[5, 9, 1, 3, 5, 2, 0, 1, 7, 4] 0 2.5495624686265645e-218
[5, 9, 1, 3, 5, 2, 0, 1, 7, 4] 0 1.2747812343132823e-218
[5, 9, 1, 3, 5, 2, 0, 1, 7, 4] 0 6.373906171566411e-219
[5, 9, 1, 3, 5, 2, 0, 1, 7, 4] 0 3.1869530857832056e-219
[5, 9, 1, 3, 5, 2, 0, 1, 7, 4] 0 1.5934765428916028e-219
[5, 9, 1, 3, 5, 2, 0, 1, 7, 4] 0 7.967382714458014e-220
[5, 9, 1, 3, 5, 2, 0, 1, 7, 4] 0 3.983691357229007e-220
[5, 9, 1, 3, 5, 2, 0, 1, 7, 4] 0 1.9918456786145035e-220
[5, 9, 1, 3, 5, 2, 0, 1, 7, 4] 0 9.959228393072518e-221
[5, 9, 1, 3, 5, 2, 0, 1, 7, 4] 0 4.979614196536259e-221
[5, 9, 1, 3, 5, 2, 0, 1, 7, 4] 0 2.4898070982681294e-221
[5, 9, 1, 3, 5, 2, 0, 1, 7, 4] 0 1.2449035491340647e-221
[5, 9, 1, 3, 5, 2, 0, 1, 7, 4] 0 6.224517745670323e-222
[5, 9, 1, 3, 5, 2, 0, 1, 7, 4] 0 3.112258872835162e-222
[5, 9, 1, 3, 5, 2, 0, 1, 7, 4] 0 1.556129436417581e-222
[5, 9, 1, 3, 5, 2, 0, 1, 7, 4] 0 7.780647182087904e-223
[5, 9, 1, 3, 5, 2, 0, 1, 7, 4] 0 3.890323591043952e-223
[5, 9, 1, 3, 5, 2, 0, 1, 7, 4] 0 1.945161795521976e-223
[5, 9, 1, 3, 5, 2, 0, 1, 7, 4] 0 9.72580897760988e-224
[5, 9, 1, 3, 5, 2, 0, 1, 7, 4] 0 4.86290448880494e-224
[5, 9, 1, 3, 5, 2, 0, 1, 7, 4] 0 2.43145224440247e-224
[5, 9, 1, 3, 5, 2, 0, 1, 7, 4] 0 1.215726122201235e-224
[5, 9, 1, 3, 5, 2, 0, 1, 7, 4] 0 6.078630611006175e-225
[5, 9, 1, 3, 5, 2, 0, 1, 7, 4] 0 3.0393153055030876e-225
[5, 9, 1, 3, 5, 2, 0, 1, 7, 4] 0 1.5196576527515438e-225
[5, 9, 1, 3, 5, 2, 0, 1, 7, 4] 0 7.598288263757719e-226
[5, 9, 1, 3, 5, 2, 0, 1, 7, 4] 0 3.7991441318788596e-226
[5, 9, 1, 3, 5, 2, 0, 1, 7, 4] 0 1.8995720659394298e-226
[5, 9, 1, 3, 5, 2, 0, 1, 7, 4] 0 9.497860329697149e-227
[5, 9, 1, 3, 5, 2, 0, 1, 7, 4] 0 4.748930164848574e-227
[5, 9, 1, 3, 5, 2, 0, 1, 7, 4] 0 2.374465082424287e-227
[5, 9, 1, 3, 5, 2, 0, 1, 7, 4] 0 1.1872325412121436e-227
[5, 9, 1, 3, 5, 2, 0, 1, 7, 4] 0 5.936162706060718e-228
[5, 9, 1, 3, 5, 2, 0, 1, 7, 4] 0 2.968081353030359e-228
[5, 9, 1, 3, 5, 2, 0, 1, 7, 4] 0 1.4840406765151795e-228
[5, 9, 1, 3, 5, 2, 0, 1, 7, 4] 0 7.420203382575898e-229
[5, 9, 1, 3, 5, 2, 0, 1, 7, 4] 0 3.710101691287949e-229
[5, 9, 1, 3, 5, 2, 0, 1, 7, 4] 0 1.8550508456439744e-229
[5, 9, 1, 3, 5, 2, 0, 1, 7, 4] 0 9.275254228219872e-230
[5, 9, 1, 3, 5, 2, 0, 1, 7, 4] 0 4.637627114109936e-230
[5, 9, 1, 3, 5, 2, 0, 1, 7, 4] 0 2.318813557054968e-230
[5, 9, 1, 3, 5, 2, 0, 1, 7, 4] 0 1.159406778527484e-230
[5, 9, 1, 3, 5, 2, 0, 1, 7, 4] 0 5.79703389263742e-231
[5, 9, 1, 3, 5, 2, 0, 1, 7, 4] 0 2.89851694631871e-231
[5, 9, 1, 3, 5, 2, 0, 1, 7, 4] 0 1.449258473159355e-231
[5, 9, 1, 3, 5, 2, 0, 1, 7, 4] 0 7.246292365796775e-232
[5, 9, 1, 3, 5, 2, 0, 1, 7, 4] 0 3.6231461828983875e-232
[5, 9, 1, 3, 5, 2, 0, 1, 7, 4] 0 1.8115730914491937e-232
[5, 9, 1, 3, 5, 2, 0, 1, 7, 4] 0 9.057865457245969e-233
[5, 9, 1, 3, 5, 2, 0, 1, 7, 4] 0 4.528932728622984e-233
[5, 9, 1, 3, 5, 2, 0, 1, 7, 4] 0 2.264466364311492e-233
[5, 9, 1, 3, 5, 2, 0, 1, 7, 4] 0 1.132233182155746e-233
[5, 9, 1, 3, 5, 2, 0, 1, 7, 4] 0 5.66116591077873e-234
[5, 9, 1, 3, 5, 2, 0, 1, 7, 4] 0 2.830582955389365e-234
[5, 9, 1, 3, 5, 2, 0, 1, 7, 4] 0 1.4152914776946826e-234
[5, 9, 1, 3, 5, 2, 0, 1, 7, 4] 0 7.076457388473413e-235
[5, 9, 1, 3, 5, 2, 0, 1, 7, 4] 0 3.5382286942367065e-235
[5, 9, 1, 3, 5, 2, 0, 1, 7, 4] 0 1.7691143471183533e-235
[5, 9, 1, 3, 5, 2, 0, 1, 7, 4] 0 8.845571735591766e-236
[5, 9, 1, 3, 5, 2, 0, 1, 7, 4] 0 4.422785867795883e-236
[5, 9, 1, 3, 5, 2, 0, 1, 7, 4] 0 2.2113929338979416e-236
[5, 9, 1, 3, 5, 2, 0, 1, 7, 4] 0 1.1056964669489708e-236
[5, 9, 1, 3, 5, 2, 0, 1, 7, 4] 0 5.528482334744854e-237
[5, 9, 1, 3, 5, 2, 0, 1, 7, 4] 0 2.764241167372427e-237
[5, 9, 1, 3, 5, 2, 0, 1, 7, 4] 0 1.3821205836862135e-237
[5, 9, 1, 3, 5, 2, 0, 1, 7, 4] 0 6.910602918431067e-238
[5, 9, 1, 3, 5, 2, 0, 1, 7, 4] 0 3.455301459215534e-238
[5, 9, 1, 3, 5, 2, 0, 1, 7, 4] 0 1.727650729607767e-238
[5, 9, 1, 3, 5, 2, 0, 1, 7, 4] 0 8.638253648038834e-239
[5, 9, 1, 3, 5, 2, 0, 1, 7, 4] 0 4.319126824019417e-239
[5, 9, 1, 3, 5, 2, 0, 1, 7, 4] 0 2.1595634120097086e-239
[5, 9, 1, 3, 5, 2, 0, 1, 7, 4] 0 1.0797817060048543e-239
[5, 9, 1, 3, 5, 2, 0, 1, 7, 4] 0 5.398908530024271e-240
[5, 9, 1, 3, 5, 2, 0, 1, 7, 4] 0 2.6994542650121357e-240
[5, 9, 1, 3, 5, 2, 0, 1, 7, 4] 0 1.3497271325060679e-240
[5, 9, 1, 3, 5, 2, 0, 1, 7, 4] 0 6.748635662530339e-241
[5, 9, 1, 3, 5, 2, 0, 1, 7, 4] 0 3.3743178312651696e-241
[5, 9, 1, 3, 5, 2, 0, 1, 7, 4] 0 1.6871589156325848e-241
[5, 9, 1, 3, 5, 2, 0, 1, 7, 4] 0 8.435794578162924e-242
[5, 9, 1, 3, 5, 2, 0, 1, 7, 4] 0 4.217897289081462e-242
[5, 9, 1, 3, 5, 2, 0, 1, 7, 4] 0 2.108948644540731e-242
[5, 9, 1, 3, 5, 2, 0, 1, 7, 4] 0 1.0544743222703655e-242
[5, 9, 1, 3, 5, 2, 0, 1, 7, 4] 0 5.272371611351828e-243
[5, 9, 1, 3, 5, 2, 0, 1, 7, 4] 0 2.636185805675914e-243
[5, 9, 1, 3, 5, 2, 0, 1, 7, 4] 0 1.318092902837957e-243
[5, 9, 1, 3, 5, 2, 0, 1, 7, 4] 0 6.590464514189784e-244
[5, 9, 1, 3, 5, 2, 0, 1, 7, 4] 0 3.295232257094892e-244
[5, 9, 1, 3, 5, 2, 0, 1, 7, 4] 0 1.647616128547446e-244
[5, 9, 1, 3, 5, 2, 0, 1, 7, 4] 0 8.23808064273723e-245
[5, 9, 1, 3, 5, 2, 0, 1, 7, 4] 0 4.119040321368615e-245
[5, 9, 1, 3, 5, 2, 0, 1, 7, 4] 0 2.0595201606843076e-245
[5, 9, 1, 3, 5, 2, 0, 1, 7, 4] 0 1.0297600803421538e-245
[5, 9, 1, 3, 5, 2, 0, 1, 7, 4] 0 5.148800401710769e-246
[5, 9, 1, 3, 5, 2, 0, 1, 7, 4] 0 2.5744002008553846e-246
[5, 9, 1, 3, 5, 2, 0, 1, 7, 4] 0 1.2872001004276923e-246
[5, 9, 1, 3, 5, 2, 0, 1, 7, 4] 0 6.436000502138461e-247
[5, 9, 1, 3, 5, 2, 0, 1, 7, 4] 0 3.218000251069231e-247
[5, 9, 1, 3, 5, 2, 0, 1, 7, 4] 0 1.6090001255346153e-247
[5, 9, 1, 3, 5, 2, 0, 1, 7, 4] 0 8.045000627673077e-248
[5, 9, 1, 3, 5, 2, 0, 1, 7, 4] 0 4.022500313836538e-248
[5, 9, 1, 3, 5, 2, 0, 1, 7, 4] 0 2.011250156918269e-248
[5, 9, 1, 3, 5, 2, 0, 1, 7, 4] 0 1.0056250784591346e-248
[5, 9, 1, 3, 5, 2, 0, 1, 7, 4] 0 5.028125392295673e-249
[5, 9, 1, 3, 5, 2, 0, 1, 7, 4] 0 2.5140626961478365e-249
[5, 9, 1, 3, 5, 2, 0, 1, 7, 4] 0 1.2570313480739182e-249
[5, 9, 1, 3, 5, 2, 0, 1, 7, 4] 0 6.285156740369591e-250
[5, 9, 1, 3, 5, 2, 0, 1, 7, 4] 0 3.1425783701847956e-250
[5, 9, 1, 3, 5, 2, 0, 1, 7, 4] 0 1.5712891850923978e-250
[5, 9, 1, 3, 5, 2, 0, 1, 7, 4] 0 7.856445925461989e-251
[5, 9, 1, 3, 5, 2, 0, 1, 7, 4] 0 3.9282229627309945e-251
[5, 9, 1, 3, 5, 2, 0, 1, 7, 4] 0 1.9641114813654973e-251
[5, 9, 1, 3, 5, 2, 0, 1, 7, 4] 0 9.820557406827486e-252
[5, 9, 1, 3, 5, 2, 0, 1, 7, 4] 0 4.910278703413743e-252
[5, 9, 1, 3, 5, 2, 0, 1, 7, 4] 0 2.4551393517068716e-252
[5, 9, 1, 3, 5, 2, 0, 1, 7, 4] 0 1.2275696758534358e-252
[5, 9, 1, 3, 5, 2, 0, 1, 7, 4] 0 6.137848379267179e-253
[5, 9, 1, 3, 5, 2, 0, 1, 7, 4] 0 3.0689241896335895e-253
[5, 9, 1, 3, 5, 2, 0, 1, 7, 4] 0 1.5344620948167947e-253
[5, 9, 1, 3, 5, 2, 0, 1, 7, 4] 0 7.672310474083974e-254
[5, 9, 1, 3, 5, 2, 0, 1, 7, 4] 0 3.836155237041987e-254
[5, 9, 1, 3, 5, 2, 0, 1, 7, 4] 0 1.9180776185209934e-254
[5, 9, 1, 3, 5, 2, 0, 1, 7, 4] 0 9.590388092604967e-255
[5, 9, 1, 3, 5, 2, 0, 1, 7, 4] 0 4.7951940463024835e-255
[5, 9, 1, 3, 5, 2, 0, 1, 7, 4] 0 2.3975970231512418e-255
[5, 9, 1, 3, 5, 2, 0, 1, 7, 4] 0 1.1987985115756209e-255
[5, 9, 1, 3, 5, 2, 0, 1, 7, 4] 0 5.993992557878104e-256
[5, 9, 1, 3, 5, 2, 0, 1, 7, 4] 0 2.996996278939052e-256
[5, 9, 1, 3, 5, 2, 0, 1, 7, 4] 0 1.498498139469526e-256
[5, 9, 1, 3, 5, 2, 0, 1, 7, 4] 0 7.49249069734763e-257
[5, 9, 1, 3, 5, 2, 0, 1, 7, 4] 0 3.746245348673815e-257
[5, 9, 1, 3, 5, 2, 0, 1, 7, 4] 0 1.8731226743369076e-257
[5, 9, 1, 3, 5, 2, 0, 1, 7, 4] 0 9.365613371684538e-258
[5, 9, 1, 3, 5, 2, 0, 1, 7, 4] 0 4.682806685842269e-258
[5, 9, 1, 3, 5, 2, 0, 1, 7, 4] 0 2.3414033429211345e-258
[5, 9, 1, 3, 5, 2, 0, 1, 7, 4] 0 1.1707016714605673e-258
[5, 9, 1, 3, 5, 2, 0, 1, 7, 4] 0 5.853508357302836e-259
[5, 9, 1, 3, 5, 2, 0, 1, 7, 4] 0 2.926754178651418e-259
[5, 9, 1, 3, 5, 2, 0, 1, 7, 4] 0 1.463377089325709e-259
[5, 9, 1, 3, 5, 2, 0, 1, 7, 4] 0 7.316885446628545e-260
[5, 9, 1, 3, 5, 2, 0, 1, 7, 4] 0 3.658442723314273e-260
[5, 9, 1, 3, 5, 2, 0, 1, 7, 4] 0 1.8292213616571364e-260
[5, 9, 1, 3, 5, 2, 0, 1, 7, 4] 0 9.146106808285682e-261
[5, 9, 1, 3, 5, 2, 0, 1, 7, 4] 0 4.573053404142841e-261
[5, 9, 1, 3, 5, 2, 0, 1, 7, 4] 0 2.2865267020714204e-261
[5, 9, 1, 3, 5, 2, 0, 1, 7, 4] 0 1.1432633510357102e-261
[5, 9, 1, 3, 5, 2, 0, 1, 7, 4] 0 5.716316755178551e-262
[5, 9, 1, 3, 5, 2, 0, 1, 7, 4] 0 2.8581583775892756e-262
[5, 9, 1, 3, 5, 2, 0, 1, 7, 4] 0 1.4290791887946378e-262
[5, 9, 1, 3, 5, 2, 0, 1, 7, 4] 0 7.145395943973189e-263
[5, 9, 1, 3, 5, 2, 0, 1, 7, 4] 0 3.5726979719865944e-263
[5, 9, 1, 3, 5, 2, 0, 1, 7, 4] 0 1.7863489859932972e-263
[5, 9, 1, 3, 5, 2, 0, 1, 7, 4] 0 8.931744929966486e-264
[5, 9, 1, 3, 5, 2, 0, 1, 7, 4] 0 4.465872464983243e-264
[5, 9, 1, 3, 5, 2, 0, 1, 7, 4] 0 2.2329362324916215e-264
[5, 9, 1, 3, 5, 2, 0, 1, 7, 4] 0 1.1164681162458108e-264
[5, 9, 1, 3, 5, 2, 0, 1, 7, 4] 0 5.582340581229054e-265
[5, 9, 1, 3, 5, 2, 0, 1, 7, 4] 0 2.791170290614527e-265
[5, 9, 1, 3, 5, 2, 0, 1, 7, 4] 0 1.3955851453072635e-265
[5, 9, 1, 3, 5, 2, 0, 1, 7, 4] 0 6.977925726536317e-266
[5, 9, 1, 3, 5, 2, 0, 1, 7, 4] 0 3.4889628632681586e-266
[5, 9, 1, 3, 5, 2, 0, 1, 7, 4] 0 1.7444814316340793e-266
[5, 9, 1, 3, 5, 2, 0, 1, 7, 4] 0 8.722407158170397e-267
[5, 9, 1, 3, 5, 2, 0, 1, 7, 4] 0 4.361203579085198e-267
[5, 9, 1, 3, 5, 2, 0, 1, 7, 4] 0 2.180601789542599e-267
[5, 9, 1, 3, 5, 2, 0, 1, 7, 4] 0 1.0903008947712996e-267
[5, 9, 1, 3, 5, 2, 0, 1, 7, 4] 0 5.451504473856498e-268
[5, 9, 1, 3, 5, 2, 0, 1, 7, 4] 0 2.725752236928249e-268
[5, 9, 1, 3, 5, 2, 0, 1, 7, 4] 0 1.3628761184641245e-268
[5, 9, 1, 3, 5, 2, 0, 1, 7, 4] 0 6.814380592320622e-269
[5, 9, 1, 3, 5, 2, 0, 1, 7, 4] 0 3.407190296160311e-269
[5, 9, 1, 3, 5, 2, 0, 1, 7, 4] 0 1.7035951480801556e-269
[5, 9, 1, 3, 5, 2, 0, 1, 7, 4] 0 8.517975740400778e-270
[5, 9, 1, 3, 5, 2, 0, 1, 7, 4] 0 4.258987870200389e-270
[5, 9, 1, 3, 5, 2, 0, 1, 7, 4] 0 2.1294939351001945e-270
[5, 9, 1, 3, 5, 2, 0, 1, 7, 4] 0 1.0647469675500972e-270
[5, 9, 1, 3, 5, 2, 0, 1, 7, 4] 0 5.323734837750486e-271
[5, 9, 1, 3, 5, 2, 0, 1, 7, 4] 0 2.661867418875243e-271
[5, 9, 1, 3, 5, 2, 0, 1, 7, 4] 0 1.3309337094376215e-271
[5, 9, 1, 3, 5, 2, 0, 1, 7, 4] 0 6.654668547188108e-272
[5, 9, 1, 3, 5, 2, 0, 1, 7, 4] 0 3.327334273594054e-272
[5, 9, 1, 3, 5, 2, 0, 1, 7, 4] 0 1.663667136797027e-272
[5, 9, 1, 3, 5, 2, 0, 1, 7, 4] 0 8.318335683985135e-273
[5, 9, 1, 3, 5, 2, 0, 1, 7, 4] 0 4.159167841992567e-273
[5, 9, 1, 3, 5, 2, 0, 1, 7, 4] 0 2.0795839209962837e-273
[5, 9, 1, 3, 5, 2, 0, 1, 7, 4] 0 1.0397919604981418e-273
[5, 9, 1, 3, 5, 2, 0, 1, 7, 4] 0 5.198959802490709e-274
[5, 9, 1, 3, 5, 2, 0, 1, 7, 4] 0 2.5994799012453546e-274
[5, 9, 1, 3, 5, 2, 0, 1, 7, 4] 0 1.2997399506226773e-274
[5, 9, 1, 3, 5, 2, 0, 1, 7, 4] 0 6.498699753113386e-275
[5, 9, 1, 3, 5, 2, 0, 1, 7, 4] 0 3.249349876556693e-275
[5, 9, 1, 3, 5, 2, 0, 1, 7, 4] 0 1.6246749382783466e-275
[5, 9, 1, 3, 5, 2, 0, 1, 7, 4] 0 8.123374691391733e-276
[5, 9, 1, 3, 5, 2, 0, 1, 7, 4] 0 4.0616873456958665e-276
[5, 9, 1, 3, 5, 2, 0, 1, 7, 4] 0 2.0308436728479333e-276
[5, 9, 1, 3, 5, 2, 0, 1, 7, 4] 0 1.0154218364239666e-276
[5, 9, 1, 3, 5, 2, 0, 1, 7, 4] 0 5.077109182119833e-277
[5, 9, 1, 3, 5, 2, 0, 1, 7, 4] 0 2.5385545910599166e-277
[5, 9, 1, 3, 5, 2, 0, 1, 7, 4] 0 1.2692772955299583e-277
[5, 9, 1, 3, 5, 2, 0, 1, 7, 4] 0 6.346386477649791e-278
[5, 9, 1, 3, 5, 2, 0, 1, 7, 4] 0 3.173193238824896e-278
[5, 9, 1, 3, 5, 2, 0, 1, 7, 4] 0 1.586596619412448e-278
[5, 9, 1, 3, 5, 2, 0, 1, 7, 4] 0 7.93298309706224e-279
[5, 9, 1, 3, 5, 2, 0, 1, 7, 4] 0 3.96649154853112e-279
[5, 9, 1, 3, 5, 2, 0, 1, 7, 4] 0 1.98324577426556e-279
[5, 9, 1, 3, 5, 2, 0, 1, 7, 4] 0 9.9162288713278e-280
[5, 9, 1, 3, 5, 2, 0, 1, 7, 4] 0 4.9581144356639e-280
[5, 9, 1, 3, 5, 2, 0, 1, 7, 4] 0 2.47905721783195e-280
[5, 9, 1, 3, 5, 2, 0, 1, 7, 4] 0 1.239528608915975e-280
[5, 9, 1, 3, 5, 2, 0, 1, 7, 4] 0 6.197643044579874e-281
[5, 9, 1, 3, 5, 2, 0, 1, 7, 4] 0 3.098821522289937e-281
[5, 9, 1, 3, 5, 2, 0, 1, 7, 4] 0 1.5494107611449686e-281
[5, 9, 1, 3, 5, 2, 0, 1, 7, 4] 0 7.747053805724843e-282
[5, 9, 1, 3, 5, 2, 0, 1, 7, 4] 0 3.8735269028624216e-282
[5, 9, 1, 3, 5, 2, 0, 1, 7, 4] 0 1.9367634514312108e-282
[5, 9, 1, 3, 5, 2, 0, 1, 7, 4] 0 9.683817257156054e-283
[5, 9, 1, 3, 5, 2, 0, 1, 7, 4] 0 4.841908628578027e-283
[5, 9, 1, 3, 5, 2, 0, 1, 7, 4] 0 2.4209543142890135e-283
[5, 9, 1, 3, 5, 2, 0, 1, 7, 4] 0 1.2104771571445067e-283
[5, 9, 1, 3, 5, 2, 0, 1, 7, 4] 0 6.052385785722534e-284
[5, 9, 1, 3, 5, 2, 0, 1, 7, 4] 0 3.026192892861267e-284
[5, 9, 1, 3, 5, 2, 0, 1, 7, 4] 0 1.5130964464306334e-284
[5, 9, 1, 3, 5, 2, 0, 1, 7, 4] 0 7.565482232153167e-285
[5, 9, 1, 3, 5, 2, 0, 1, 7, 4] 0 3.7827411160765836e-285
[5, 9, 1, 3, 5, 2, 0, 1, 7, 4] 0 1.8913705580382918e-285
[5, 9, 1, 3, 5, 2, 0, 1, 7, 4] 0 9.456852790191459e-286
[5, 9, 1, 3, 5, 2, 0, 1, 7, 4] 0 4.728426395095729e-286
[5, 9, 1, 3, 5, 2, 0, 1, 7, 4] 0 2.3642131975478647e-286
[5, 9, 1, 3, 5, 2, 0, 1, 7, 4] 0 1.1821065987739324e-286
[5, 9, 1, 3, 5, 2, 0, 1, 7, 4] 0 5.910532993869662e-287
[5, 9, 1, 3, 5, 2, 0, 1, 7, 4] 0 2.955266496934831e-287
[5, 9, 1, 3, 5, 2, 0, 1, 7, 4] 0 1.4776332484674154e-287
[5, 9, 1, 3, 5, 2, 0, 1, 7, 4] 0 7.388166242337077e-288
[5, 9, 1, 3, 5, 2, 0, 1, 7, 4] 0 3.6940831211685386e-288
[5, 9, 1, 3, 5, 2, 0, 1, 7, 4] 0 1.8470415605842693e-288
[5, 9, 1, 3, 5, 2, 0, 1, 7, 4] 0 9.235207802921347e-289
[5, 9, 1, 3, 5, 2, 0, 1, 7, 4] 0 4.617603901460673e-289
[5, 9, 1, 3, 5, 2, 0, 1, 7, 4] 0 2.3088019507303366e-289
[5, 9, 1, 3, 5, 2, 0, 1, 7, 4] 0 1.1544009753651683e-289
[5, 9, 1, 3, 5, 2, 0, 1, 7, 4] 0 5.772004876825842e-290
[5, 9, 1, 3, 5, 2, 0, 1, 7, 4] 0 2.886002438412921e-290
[5, 9, 1, 3, 5, 2, 0, 1, 7, 4] 0 1.4430012192064604e-290
[5, 9, 1, 3, 5, 2, 0, 1, 7, 4] 0 7.215006096032302e-291
[5, 9, 1, 3, 5, 2, 0, 1, 7, 4] 0 3.607503048016151e-291
[5, 9, 1, 3, 5, 2, 0, 1, 7, 4] 0 1.8037515240080755e-291
[5, 9, 1, 3, 5, 2, 0, 1, 7, 4] 0 9.018757620040378e-292
[5, 9, 1, 3, 5, 2, 0, 1, 7, 4] 0 4.509378810020189e-292
[5, 9, 1, 3, 5, 2, 0, 1, 7, 4] 0 2.2546894050100944e-292
[5, 9, 1, 3, 5, 2, 0, 1, 7, 4] 0 1.1273447025050472e-292
[5, 9, 1, 3, 5, 2, 0, 1, 7, 4] 0 5.636723512525236e-293
[5, 9, 1, 3, 5, 2, 0, 1, 7, 4] 0 2.818361756262618e-293
[5, 9, 1, 3, 5, 2, 0, 1, 7, 4] 0 1.409180878131309e-293
[5, 9, 1, 3, 5, 2, 0, 1, 7, 4] 0 7.045904390656545e-294
[5, 9, 1, 3, 5, 2, 0, 1, 7, 4] 0 3.5229521953282725e-294
[5, 9, 1, 3, 5, 2, 0, 1, 7, 4] 0 1.7614760976641362e-294
[5, 9, 1, 3, 5, 2, 0, 1, 7, 4] 0 8.807380488320681e-295
[5, 9, 1, 3, 5, 2, 0, 1, 7, 4] 0 4.403690244160341e-295
[5, 9, 1, 3, 5, 2, 0, 1, 7, 4] 0 2.2018451220801703e-295
[5, 9, 1, 3, 5, 2, 0, 1, 7, 4] 0 1.1009225610400851e-295
[5, 9, 1, 3, 5, 2, 0, 1, 7, 4] 0 5.504612805200426e-296
[5, 9, 1, 3, 5, 2, 0, 1, 7, 4] 0 2.752306402600213e-296
[5, 9, 1, 3, 5, 2, 0, 1, 7, 4] 0 1.3761532013001064e-296
[5, 9, 1, 3, 5, 2, 0, 1, 7, 4] 0 6.880766006500532e-297
[5, 9, 1, 3, 5, 2, 0, 1, 7, 4] 0 3.440383003250266e-297
[5, 9, 1, 3, 5, 2, 0, 1, 7, 4] 0 1.720191501625133e-297
[5, 9, 1, 3, 5, 2, 0, 1, 7, 4] 0 8.600957508125665e-298
[5, 9, 1, 3, 5, 2, 0, 1, 7, 4] 0 4.300478754062833e-298
[5, 9, 1, 3, 5, 2, 0, 1, 7, 4] 0 2.1502393770314163e-298
[5, 9, 1, 3, 5, 2, 0, 1, 7, 4] 0 1.0751196885157081e-298
[5, 9, 1, 3, 5, 2, 0, 1, 7, 4] 0 5.375598442578541e-299
[5, 9, 1, 3, 5, 2, 0, 1, 7, 4] 0 2.6877992212892704e-299
